<?xml version="1.0" encoding="UTF-8"?>
<!-- Generated by org.testng.reporters.JUnitXMLReporter -->
<testsuite ignored="0" hostname="ASUS" failures="1" tests="10" name="Login Tests" time="61.898" errors="0" timestamp="2026-06-08T21:05:44 IST">
  <testcase classname="com.ekart.tests.LoginTest" name="testValidLogin" time="1.126">
    <failure type="java.lang.AssertionError" message="Should redirect away from login. Current URL: https://ekartms.netlify.app/login expected [false] but found [true]">
      <![CDATA[java.lang.AssertionError: Should redirect away from login. Current URL: https://ekartms.netlify.app/login expected [false] but found [true]
at com.ekart.tests.LoginTest.testValidLogin(LoginTest.java:38)
at java.base/java.util.ArrayList.forEach(ArrayList.java:1604)
... Removed 32 stack frames]]>
    </failure>
  </testcase> <!-- testValidLogin -->
  <testcase classname="com.ekart.tests.LoginTest" name="testWrongPassword" time="4.564"/>
  <testcase classname="com.ekart.tests.LoginTest" name="testNonExistentEmail" time="2.459"/>
  <testcase classname="com.ekart.tests.LoginTest" name="testEmptyEmail" time="10.437"/>
  <testcase classname="com.ekart.tests.LoginTest" name="testEmptyPassword" time="10.385"/>
  <testcase classname="com.ekart.tests.LoginTest" name="testBothFieldsEmpty" time="10.236"/>
  <testcase classname="com.ekart.tests.LoginTest" name="testInvalidEmailFormat" time="10.964"/>
  <testcase classname="com.ekart.tests.LoginTest" name="testErrorMessageContent" time="2.967"/>
  <testcase classname="com.ekart.tests.LoginTest" name="testLoginPageHeading" time="0.2"/>
  <testcase classname="com.ekart.tests.LoginTest" name="testForgotPasswordLinkExists" time="0.053"/>
</testsuite> <!-- Login Tests -->
