<?xml version="1.0" encoding="UTF-8"?>
<!-- Generated by org.testng.reporters.JUnitXMLReporter -->
<testsuite ignored="0" hostname="ASUS" failures="10" tests="13" name="Logout and Session Handling Tests" time="299.042" errors="0" timestamp="2026-06-08T21:11:18 IST">
  <testcase classname="com.ekart.tests.LogoutTest" name="testLogoutRedirectsToLogin" time="25.306">
    <failure type="java.lang.AssertionError" message="Logout action should be triggerable — logout menu item not found expected [true] but found [false]">
      <![CDATA[java.lang.AssertionError: Logout action should be triggerable — logout menu item not found expected [true] but found [false]
at com.ekart.tests.LogoutTest.testLogoutRedirectsToLogin(LogoutTest.java:73)
at java.base/java.util.ArrayList.forEach(ArrayList.java:1604)
... Removed 32 stack frames]]>
    </failure>
  </testcase> <!-- testLogoutRedirectsToLogin -->
  <testcase classname="com.ekart.tests.LogoutTest" name="testLoginLinkAppearsAfterLogout" time="48.12">
    <failure type="java.lang.AssertionError" message="Login or Register link should appear in the nav after logout expected [true] but found [false]">
      <![CDATA[java.lang.AssertionError: Login or Register link should appear in the nav after logout expected [true] but found [false]
at com.ekart.tests.LogoutTest.testLoginLinkAppearsAfterLogout(LogoutTest.java:99)
at java.base/java.util.ArrayList.forEach(ArrayList.java:1604)
... Removed 32 stack frames]]>
    </failure>
  </testcase> <!-- testLoginLinkAppearsAfterLogout -->
  <testcase classname="com.ekart.tests.LogoutTest" name="testAuthCookiesClearedAfterLogout" time="24.977"/>
  <testcase classname="com.ekart.tests.LogoutTest" name="testLocalStorageTokensClearedAfterLogout" time="24.876">
    <failure type="java.lang.AssertionError" message="Auth tokens should be removed from localStorage after logout expected [true] but found [false]">
      <![CDATA[java.lang.AssertionError: Auth tokens should be removed from localStorage after logout expected [true] but found [false]
at com.ekart.tests.LogoutTest.testLocalStorageTokensClearedAfterLogout(LogoutTest.java:147)
at java.base/java.util.ArrayList.forEach(ArrayList.java:1604)
... Removed 32 stack frames]]>
    </failure>
  </testcase> <!-- testLocalStorageTokensClearedAfterLogout -->
  <testcase classname="com.ekart.tests.LogoutTest" name="testUserAvatarGoneAfterLogout" time="36.222"/>
  <testcase classname="com.ekart.tests.LogoutTest" name="testSessionDoesNotPersistAfterLogout" time="39.396">
    <failure type="java.lang.AssertionError" message="After logout, /profile should redirect to login (session must not persist) expected [true] but found [false]">
      <![CDATA[java.lang.AssertionError: After logout, /profile should redirect to login (session must not persist) expected [true] but found [false]
at com.ekart.tests.LogoutTest.testSessionDoesNotPersistAfterLogout(LogoutTest.java:189)
at java.base/java.util.ArrayList.forEach(ArrayList.java:1604)
... Removed 32 stack frames]]>
    </failure>
  </testcase> <!-- testSessionDoesNotPersistAfterLogout -->
  <testcase classname="com.ekart.tests.LogoutTest" name="testProfileRouteGuardedWhenNotLoggedIn" time="12.475">
    <failure type="java.lang.AssertionError" message="/profile should redirect unauthenticated users to /login. Landed on: https://ekartms.netlify.app/profile expected [true] but found [false]">
      <![CDATA[java.lang.AssertionError: /profile should redirect unauthenticated users to /login. Landed on: https://ekartms.netlify.app/profile expected [true] but found [false]
at com.ekart.tests.LogoutTest.testProfileRouteGuardedWhenNotLoggedIn(LogoutTest.java:205)
at java.base/java.util.ArrayList.forEach(ArrayList.java:1604)
... Removed 32 stack frames]]>
    </failure>
  </testcase> <!-- testProfileRouteGuardedWhenNotLoggedIn -->
  <testcase classname="com.ekart.tests.LogoutTest" name="testOrdersRouteGuardedWhenNotLoggedIn" time="12.587">
    <failure type="java.lang.AssertionError" message="/orders should redirect unauthenticated users to /login. Landed on: https://ekartms.netlify.app/orders expected [true] but found [false]">
      <![CDATA[java.lang.AssertionError: /orders should redirect unauthenticated users to /login. Landed on: https://ekartms.netlify.app/orders expected [true] but found [false]
at com.ekart.tests.LogoutTest.testOrdersRouteGuardedWhenNotLoggedIn(LogoutTest.java:221)
at java.base/java.util.ArrayList.forEach(ArrayList.java:1604)
... Removed 32 stack frames]]>
    </failure>
  </testcase> <!-- testOrdersRouteGuardedWhenNotLoggedIn -->
  <testcase classname="com.ekart.tests.LogoutTest" name="testCheckoutRouteGuardedWhenNotLoggedIn" time="12.538">
    <failure type="java.lang.AssertionError" message="/checkout should redirect unauthenticated users to /login. Landed on: https://ekartms.netlify.app/cart expected [true] but found [false]">
      <![CDATA[java.lang.AssertionError: /checkout should redirect unauthenticated users to /login. Landed on: https://ekartms.netlify.app/cart expected [true] but found [false]
at com.ekart.tests.LogoutTest.testCheckoutRouteGuardedWhenNotLoggedIn(LogoutTest.java:237)
at java.base/java.util.ArrayList.forEach(ArrayList.java:1604)
... Removed 32 stack frames]]>
    </failure>
  </testcase> <!-- testCheckoutRouteGuardedWhenNotLoggedIn -->
  <testcase classname="com.ekart.tests.LogoutTest" name="testSessionPersistsAcrossRefresh" time="5.766">
    <failure type="java.lang.AssertionError" message="Logged-in session should survive a page refresh. Before: https://ekartms.netlify.app/login | After: https://ekartms.netlify.app/login expected [false] but found [true]">
      <![CDATA[java.lang.AssertionError: Logged-in session should survive a page refresh. Before: https://ekartms.netlify.app/login | After: https://ekartms.netlify.app/login expected [false] but found [true]
at com.ekart.tests.LogoutTest.testSessionPersistsAcrossRefresh(LogoutTest.java:257)
at java.base/java.util.ArrayList.forEach(ArrayList.java:1604)
... Removed 32 stack frames]]>
    </failure>
  </testcase> <!-- testSessionPersistsAcrossRefresh -->
  <testcase classname="com.ekart.tests.LogoutTest" name="testLogoutIdempotent" time="24.809">
    <failure type="java.lang.AssertionError" message="After first logout should be on login page expected [true] but found [false]">
      <![CDATA[java.lang.AssertionError: After first logout should be on login page expected [true] but found [false]
at com.ekart.tests.LogoutTest.testLogoutIdempotent(LogoutTest.java:281)
at java.base/java.util.ArrayList.forEach(ArrayList.java:1604)
... Removed 32 stack frames]]>
    </failure>
  </testcase> <!-- testLogoutIdempotent -->
  <testcase classname="com.ekart.tests.LogoutTest" name="testBackButtonAfterLogoutDoesNotRestoreSession" time="26.262"/>
  <testcase classname="com.ekart.tests.LogoutTest" name="testFullLoginLogoutLoginCycle" time="3.52">
    <failure type="java.lang.AssertionError" message="Should be past /login after first login. URL: https://ekartms.netlify.app/login expected [false] but found [true]">
      <![CDATA[java.lang.AssertionError: Should be past /login after first login. URL: https://ekartms.netlify.app/login expected [false] but found [true]
at com.ekart.tests.LogoutTest.testFullLoginLogoutLoginCycle(LogoutTest.java:341)
at java.base/java.util.ArrayList.forEach(ArrayList.java:1604)
... Removed 32 stack frames]]>
    </failure>
  </testcase> <!-- testFullLoginLogoutLoginCycle -->
</testsuite> <!-- Logout and Session Handling Tests -->
