<?xml version="1.0" encoding="UTF-8"?>
<!-- Generated by org.testng.reporters.JUnitXMLReporter -->
<testsuite ignored="0" hostname="ASUS" failures="0" tests="5" name="Navigation Tests" time="26.748" errors="0" timestamp="2026-06-10T08:55:19 IST">
  <testcase classname="com.ekart.tests.NavigationTest" name="testHomePageLoads" time="4.586"/>
  <testcase classname="com.ekart.tests.NavigationTest" name="testNavigateToLogin" time="0.581"/>
  <testcase classname="com.ekart.tests.NavigationTest" name="testNavigateToRegister" time="0.531"/>
  <testcase classname="com.ekart.tests.NavigationTest" name="testBrowserBackNavigation" time="0.629"/>
  <testcase classname="com.ekart.tests.NavigationTest" name="testPageRefresh" time="0.656"/>
</testsuite> <!-- Navigation Tests -->
