<?xml version="1.0" encoding="UTF-8"?>
<!-- Generated by org.testng.reporters.JUnitXMLReporter -->
<testsuite ignored="0" hostname="ASUS" failures="0" tests="5" name="Navigation Tests" time="8.29" errors="0" timestamp="2026-06-08T21:03:33 IST">
  <testcase classname="com.ekart.tests.NavigationTest" name="testHomePageLoads" time="2.117"/>
  <testcase classname="com.ekart.tests.NavigationTest" name="testNavigateToLogin" time="0.71"/>
  <testcase classname="com.ekart.tests.NavigationTest" name="testNavigateToRegister" time="0.709"/>
  <testcase classname="com.ekart.tests.NavigationTest" name="testBrowserBackNavigation" time="0.733"/>
  <testcase classname="com.ekart.tests.NavigationTest" name="testPageRefresh" time="0.975"/>
</testsuite> <!-- Navigation Tests -->
