<?xml version="1.0" encoding="UTF-8"?>
<!-- Generated by org.testng.reporters.JUnitXMLReporter -->
<testsuite ignored="0" hostname="ASUS" failures="1" tests="7" name="Registration Tests" time="69.673" errors="0" timestamp="2026-06-08T21:04:42 IST">
  <testcase classname="com.ekart.tests.RegistrationTest" name="testValidRegistration" time="17.934">
    <failure type="org.openqa.selenium.TimeoutException" message="Expected condition failed: waiting for url to contain &amp;quot;verify&amp;quot;. Current url: &amp;quot;https://ekartms.netlify.app/register&amp;quot; (tried for 15 second(s) with 500 milliseconds interval)
Build info: version: &amp;apos;4.18.1&amp;apos;, revision: &amp;apos;b1d3319b48&amp;apos;
System info: os.name: &amp;apos;Windows 11&amp;apos;, os.arch: &amp;apos;amd64&amp;apos;, os.version: &amp;apos;10.0&amp;apos;, java.version: &amp;apos;25.0.1&amp;apos;
Driver info: org.openqa.selenium.chrome.ChromeDriver
Capabilities {acceptInsecureCerts: false, browserName: chrome, browserVersion: 149.0.7827.54, chrome: {chromedriverVersion: 149.0.7827.54 (42ce21f112d0..., userDataDir: C:\Users\aashu\AppData\Loca...}, fedcm:accounts: true, goog:chromeOptions: {debuggerAddress: localhost:61978}, goog:processID: 1720, networkConnectionEnabled: false, pageLoadStrategy: normal, platformName: windows, proxy: Proxy(), se:cdp: ws://localhost:61978/devtoo..., se:cdpVersion: 149.0.7827.54, setWindowRect: true, strictFileInteractability: false, timeouts: {implicit: 0, pageLoad: 300000, script: 30000}, unhandledPromptBehavior: dismiss and notify, webauthn:extension:credBlob: true, webauthn:extension:largeBlob: true, webauthn:extension:minPinLength: true, webauthn:extension:prf: true, webauthn:virtualAuthenticators: true}
Session ID: 2a1b5c3a8eee5cafa37ed4f834b1da2c">
      <![CDATA[org.openqa.selenium.TimeoutException: Expected condition failed: waiting for url to contain "verify". Current url: "https://ekartms.netlify.app/register" (tried for 15 second(s) with 500 milliseconds interval)
Build info: version: '4.18.1', revision: 'b1d3319b48'
System info: os.name: 'Windows 11', os.arch: 'amd64', os.version: '10.0', java.version: '25.0.1'
Driver info: org.openqa.selenium.chrome.ChromeDriver
Capabilities {acceptInsecureCerts: false, browserName: chrome, browserVersion: 149.0.7827.54, chrome: {chromedriverVersion: 149.0.7827.54 (42ce21f112d0..., userDataDir: C:\Users\aashu\AppData\Loca...}, fedcm:accounts: true, goog:chromeOptions: {debuggerAddress: localhost:61978}, goog:processID: 1720, networkConnectionEnabled: false, pageLoadStrategy: normal, platformName: windows, proxy: Proxy(), se:cdp: ws://localhost:61978/devtoo..., se:cdpVersion: 149.0.7827.54, setWindowRect: true, strictFileInteractability: false, timeouts: {implicit: 0, pageLoad: 300000, script: 30000}, unhandledPromptBehavior: dismiss and notify, webauthn:extension:credBlob: true, webauthn:extension:largeBlob: true, webauthn:extension:minPinLength: true, webauthn:extension:prf: true, webauthn:virtualAuthenticators: true}
Session ID: 2a1b5c3a8eee5cafa37ed4f834b1da2c
at org.openqa.selenium.support.ui.WebDriverWait.timeoutException(WebDriverWait.java:84)
at org.openqa.selenium.support.ui.FluentWait.until(FluentWait.java:228)
at com.ekart.utils.WaitUtils.waitForUrl(WaitUtils.java:41)
at com.ekart.tests.RegistrationTest.testValidRegistration(RegistrationTest.java:39)
at java.base/java.util.ArrayList.forEach(ArrayList.java:1604)
... Removed 29 stack frames]]>
    </failure>
  </testcase> <!-- testValidRegistration -->
  <testcase classname="com.ekart.tests.RegistrationTest" name="testEmptyFieldsValidation" time="10.274"/>
  <testcase classname="com.ekart.tests.RegistrationTest" name="testInvalidEmailFormat" time="10.896"/>
  <testcase classname="com.ekart.tests.RegistrationTest" name="testWeakPassword" time="0.846"/>
  <testcase classname="com.ekart.tests.RegistrationTest" name="testMissingRequiredFields" time="20.393"/>
  <testcase classname="com.ekart.tests.RegistrationTest" name="testDuplicateEmail" time="2.55"/>
  <testcase classname="com.ekart.tests.RegistrationTest" name="testFormFieldsExist" time="0.108"/>
</testsuite> <!-- Registration Tests -->
