<?xml version="1.0" encoding="UTF-8"?>
<testsuite xmlns:xsi="http://www.w3.org/2001/XMLSchema-instance" xsi:noNamespaceSchemaLocation="https://maven.apache.org/surefire/maven-surefire-plugin/xsd/surefire-test-report-3.0.xsd" version="3.0" name="TestSuite" time="474.933" tests="37" errors="0" skipped="0" failures="12">
  <properties>
[...]
</properties>
  <testcase name="testHomePageLoads" classname="com.ekart.tests.NavigationTest" time="2.112">
    <system-out><![CDATA[21:03:24 [main] INFO  com.ekart.base.BaseTest - Starting | Browser: chrome | URL: https://ekartms.netlify.app
21:03:28 [main] INFO  com.ekart.pages.BasePage - Navigated to Home: https://ekartms.netlify.app
21:03:29 [main] INFO  com.ekart.base.BaseTest - PASS: Home page loaded | Title: eKart - Online Shopping
]]></system-out>
    <system-err><![CDATA[SLF4J: Failed to load class "org.slf4j.impl.StaticLoggerBinder".
SLF4J: Defaulting to no-operation (NOP) logger implementation
SLF4J: See http://www.slf4j.org/codes.html#StaticLoggerBinder for further details.
Jun 08, 2026 9:03:27 PM org.openqa.selenium.devtools.CdpVersionFinder findNearestMatch
WARNING: Unable to find CDP implementation matching 149
Jun 08, 2026 9:03:27 PM org.openqa.selenium.chromium.ChromiumDriver lambda$new$5
WARNING: Unable to find version of CDP to use for 149.0.7827.54. You may need to include a dependency on a specific version of the CDP using something similar to `org.seleniumhq.selenium:selenium-devtools-v86:4.18.1` where the version ("v86") matches the version of the chromium-based browser you're using and the version number of the artifact is the same as Selenium's.
]]></system-err>
  </testcase>
  <testcase name="testNavigateToLogin" classname="com.ekart.tests.NavigationTest" time="0.708">
    <system-out><![CDATA[21:03:30 [main] INFO  com.ekart.base.BaseTest - PASS: Navigated to login page
]]></system-out>
  </testcase>
  <testcase name="testNavigateToRegister" classname="com.ekart.tests.NavigationTest" time="0.714">
    <system-out><![CDATA[21:03:31 [main] INFO  com.ekart.base.BaseTest - PASS: Navigated to register page
]]></system-out>
  </testcase>
  <testcase name="testBrowserBackNavigation" classname="com.ekart.tests.NavigationTest" time="0.733">
    <system-out><![CDATA[21:03:31 [main] INFO  com.ekart.base.BaseTest - PASS: Browser back navigation works
]]></system-out>
  </testcase>
  <testcase name="testPageRefresh" classname="com.ekart.tests.NavigationTest" time="0.973">
    <system-out><![CDATA[21:03:32 [main] INFO  com.ekart.base.BaseTest - PASS: Page refresh works
]]></system-out>
  </testcase>
  <testcase name="testValidRegistration" classname="com.ekart.tests.RegistrationTest" time="17.942">
    <failure message="Expected condition failed: waiting for url to contain &quot;verify&quot;. Current url: &quot;https://ekartms.netlify.app/register&quot; (tried for 15 second(s) with 500 milliseconds interval)&#10;Build info: version: &apos;4.18.1&apos;, revision: &apos;b1d3319b48&apos;&#10;System info: os.name: &apos;Windows 11&apos;, os.arch: &apos;amd64&apos;, os.version: &apos;10.0&apos;, java.version: &apos;25.0.1&apos;&#10;Driver info: org.openqa.selenium.chrome.ChromeDriver&#10;Capabilities {acceptInsecureCerts: false, browserName: chrome, browserVersion: 149.0.7827.54, chrome: {chromedriverVersion: 149.0.7827.54 (42ce21f112d0..., userDataDir: C:\Users\aashu\AppData\Loca...}, fedcm:accounts: true, goog:chromeOptions: {debuggerAddress: localhost:61978}, goog:processID: 1720, networkConnectionEnabled: false, pageLoadStrategy: normal, platformName: windows, proxy: Proxy(), se:cdp: ws://localhost:61978/devtoo..., se:cdpVersion: 149.0.7827.54, setWindowRect: true, strictFileInteractability: false, timeouts: {implicit: 0, pageLoad: 300000, script: 30000}, unhandledPromptBehavior: dismiss and notify, webauthn:extension:credBlob: true, webauthn:extension:largeBlob: true, webauthn:extension:minPinLength: true, webauthn:extension:prf: true, webauthn:virtualAuthenticators: true}&#10;Session ID: 2a1b5c3a8eee5cafa37ed4f834b1da2c" type="org.openqa.selenium.TimeoutException"><![CDATA[org.openqa.selenium.TimeoutException: 
Expected condition failed: waiting for url to contain "verify". Current url: "https://ekartms.netlify.app/register" (tried for 15 second(s) with 500 milliseconds interval)
Build info: version: '4.18.1', revision: 'b1d3319b48'
System info: os.name: 'Windows 11', os.arch: 'amd64', os.version: '10.0', java.version: '25.0.1'
Driver info: org.openqa.selenium.chrome.ChromeDriver
Capabilities {acceptInsecureCerts: false, browserName: chrome, browserVersion: 149.0.7827.54, chrome: {chromedriverVersion: 149.0.7827.54 (42ce21f112d0..., userDataDir: C:\Users\aashu\AppData\Loca...}, fedcm:accounts: true, goog:chromeOptions: {debuggerAddress: localhost:61978}, goog:processID: 1720, networkConnectionEnabled: false, pageLoadStrategy: normal, platformName: windows, proxy: Proxy(), se:cdp: ws://localhost:61978/devtoo..., se:cdpVersion: 149.0.7827.54, setWindowRect: true, strictFileInteractability: false, timeouts: {implicit: 0, pageLoad: 300000, script: 30000}, unhandledPromptBehavior: dismiss and notify, webauthn:extension:credBlob: true, webauthn:extension:largeBlob: true, webauthn:extension:minPinLength: true, webauthn:extension:prf: true, webauthn:virtualAuthenticators: true}
Session ID: 2a1b5c3a8eee5cafa37ed4f834b1da2c
	at org.openqa.selenium.support.ui.WebDriverWait.timeoutException(WebDriverWait.java:84)
	at org.openqa.selenium.support.ui.FluentWait.until(FluentWait.java:228)
	at com.ekart.utils.WaitUtils.waitForUrl(WaitUtils.java:41)
	at com.ekart.tests.RegistrationTest.testValidRegistration(RegistrationTest.java:39)
	at java.base/jdk.internal.reflect.DirectMethodHandleAccessor.invoke(DirectMethodHandleAccessor.java:104)
	at java.base/java.lang.reflect.Method.invoke(Method.java:565)
	at org.testng.internal.invokers.MethodInvocationHelper.invokeMethod(MethodInvocationHelper.java:139)
	at org.testng.internal.invokers.TestInvoker.invokeMethod(TestInvoker.java:664)
	at org.testng.internal.invokers.TestInvoker.invokeTestMethod(TestInvoker.java:228)
	at org.testng.internal.invokers.MethodRunner.runInSequence(MethodRunner.java:63)
	at org.testng.internal.invokers.TestInvoker$MethodInvocationAgent.invoke(TestInvoker.java:961)
	at org.testng.internal.invokers.TestInvoker.invokeTestMethods(TestInvoker.java:201)
	at org.testng.internal.invokers.TestMethodWorker.invokeTestMethods(TestMethodWorker.java:148)
	at org.testng.internal.invokers.TestMethodWorker.run(TestMethodWorker.java:128)
	at java.base/java.util.ArrayList.forEach(ArrayList.java:1604)
	at org.testng.TestRunner.privateRun(TestRunner.java:819)
	at org.testng.TestRunner.run(TestRunner.java:619)
	at org.testng.SuiteRunner.runTest(SuiteRunner.java:443)
	at org.testng.SuiteRunner.runSequentially(SuiteRunner.java:437)
	at org.testng.SuiteRunner.privateRun(SuiteRunner.java:397)
	at org.testng.SuiteRunner.run(SuiteRunner.java:336)
	at org.testng.SuiteRunnerWorker.runSuite(SuiteRunnerWorker.java:52)
	at org.testng.SuiteRunnerWorker.run(SuiteRunnerWorker.java:95)
	at org.testng.TestNG.runSuitesSequentially(TestNG.java:1301)
	at org.testng.TestNG.runSuitesLocally(TestNG.java:1228)
	at org.testng.TestNG.runSuites(TestNG.java:1134)
	at org.testng.TestNG.run(TestNG.java:1101)
	at org.apache.maven.surefire.testng.TestNGExecutor.run(TestNGExecutor.java:308)
	at org.apache.maven.surefire.testng.TestNGXmlTestSuite.execute(TestNGXmlTestSuite.java:71)
	at org.apache.maven.surefire.testng.TestNGProvider.invoke(TestNGProvider.java:113)
	at org.apache.maven.surefire.booter.ForkedBooter.runSuitesInProcess(ForkedBooter.java:385)
	at org.apache.maven.surefire.booter.ForkedBooter.execute(ForkedBooter.java:162)
	at org.apache.maven.surefire.booter.ForkedBooter.run(ForkedBooter.java:507)
	at org.apache.maven.surefire.booter.ForkedBooter.main(ForkedBooter.java:495)
]]></failure>
    <system-out><![CDATA[21:03:32 [main] INFO  com.ekart.base.BaseTest - Tests complete. Closing browser.
21:03:33 [main] INFO  com.ekart.base.BaseTest - Starting | Browser: chrome | URL: https://ekartms.netlify.app
21:03:35 [main] INFO  com.ekart.pages.BasePage - Navigated to Register page
21:03:35 [main] INFO  com.ekart.pages.BasePage - Registering user: testuser_1780932815357@test.com
]]></system-out>
    <system-err><![CDATA[Jun 08, 2026 9:03:34 PM org.openqa.selenium.devtools.CdpVersionFinder findNearestMatch
WARNING: Unable to find CDP implementation matching 149
Jun 08, 2026 9:03:34 PM org.openqa.selenium.chromium.ChromiumDriver lambda$new$5
WARNING: Unable to find version of CDP to use for 149.0.7827.54. You may need to include a dependency on a specific version of the CDP using something similar to `org.seleniumhq.selenium:selenium-devtools-v86:4.18.1` where the version ("v86") matches the version of the chromium-based browser you're using and the version number of the artifact is the same as Selenium's.
]]></system-err>
  </testcase>
  <testcase name="testEmptyFieldsValidation" classname="com.ekart.tests.RegistrationTest" time="10.274">
    <system-out><![CDATA[21:03:54 [main] INFO  com.ekart.pages.BasePage - Navigated to Register page
21:04:04 [main] INFO  com.ekart.base.BaseTest - PASS: Empty fields validation works
]]></system-out>
  </testcase>
  <testcase name="testInvalidEmailFormat" classname="com.ekart.tests.RegistrationTest" time="10.893">
    <system-out><![CDATA[21:04:06 [main] INFO  com.ekart.pages.BasePage - Navigated to Register page
21:04:16 [main] INFO  com.ekart.base.BaseTest - PASS: Invalid email validation works
]]></system-out>
  </testcase>
  <testcase name="testWeakPassword" classname="com.ekart.tests.RegistrationTest" time="0.845">
    <system-out><![CDATA[21:04:17 [main] INFO  com.ekart.pages.BasePage - Navigated to Register page
21:04:18 [main] INFO  com.ekart.base.BaseTest - PASS: Weak password validation works
]]></system-out>
  </testcase>
  <testcase name="testMissingRequiredFields" classname="com.ekart.tests.RegistrationTest" time="20.374">
    <system-out><![CDATA[21:04:18 [main] INFO  com.ekart.pages.BasePage - Navigated to Register page
21:04:38 [main] INFO  com.ekart.base.BaseTest - PASS: Missing required fields validation works
]]></system-out>
  </testcase>
  <testcase name="testDuplicateEmail" classname="com.ekart.tests.RegistrationTest" time="2.534">
    <system-out><![CDATA[21:04:39 [main] INFO  com.ekart.pages.BasePage - Navigated to Register page
21:04:39 [main] INFO  com.ekart.pages.BasePage - Registering user: aashupalse@gmail.com
21:04:42 [main] INFO  com.ekart.base.BaseTest - PASS: Duplicate email validation works
]]></system-out>
  </testcase>
  <testcase name="testFormFieldsExist" classname="com.ekart.tests.RegistrationTest" time="0.097">
    <system-out><![CDATA[21:04:42 [main] INFO  com.ekart.pages.BasePage - Navigated to Register page
21:04:42 [main] INFO  com.ekart.base.BaseTest - PASS: All required form fields present
]]></system-out>
  </testcase>
  <testcase name="testValidLogin" classname="com.ekart.tests.LoginTest" time="1.127">
    <failure message="Should redirect away from login. Current URL: https://ekartms.netlify.app/login expected [false] but found [true]" type="java.lang.AssertionError"><![CDATA[java.lang.AssertionError: Should redirect away from login. Current URL: https://ekartms.netlify.app/login expected [false] but found [true]
	at org.testng.Assert.fail(Assert.java:111)
	at org.testng.Assert.failNotEquals(Assert.java:1578)
	at org.testng.Assert.assertFalse(Assert.java:79)
	at com.ekart.tests.LoginTest.testValidLogin(LoginTest.java:38)
	at java.base/jdk.internal.reflect.DirectMethodHandleAccessor.invoke(DirectMethodHandleAccessor.java:104)
	at java.base/java.lang.reflect.Method.invoke(Method.java:565)
	at org.testng.internal.invokers.MethodInvocationHelper.invokeMethod(MethodInvocationHelper.java:139)
	at org.testng.internal.invokers.TestInvoker.invokeMethod(TestInvoker.java:664)
	at org.testng.internal.invokers.TestInvoker.invokeTestMethod(TestInvoker.java:228)
	at org.testng.internal.invokers.MethodRunner.runInSequence(MethodRunner.java:63)
	at org.testng.internal.invokers.TestInvoker$MethodInvocationAgent.invoke(TestInvoker.java:961)
	at org.testng.internal.invokers.TestInvoker.invokeTestMethods(TestInvoker.java:201)
	at org.testng.internal.invokers.TestMethodWorker.invokeTestMethods(TestMethodWorker.java:148)
	at org.testng.internal.invokers.TestMethodWorker.run(TestMethodWorker.java:128)
	at java.base/java.util.ArrayList.forEach(ArrayList.java:1604)
	at org.testng.TestRunner.privateRun(TestRunner.java:819)
	at org.testng.TestRunner.run(TestRunner.java:619)
	at org.testng.SuiteRunner.runTest(SuiteRunner.java:443)
	at org.testng.SuiteRunner.runSequentially(SuiteRunner.java:437)
	at org.testng.SuiteRunner.privateRun(SuiteRunner.java:397)
	at org.testng.SuiteRunner.run(SuiteRunner.java:336)
	at org.testng.SuiteRunnerWorker.runSuite(SuiteRunnerWorker.java:52)
	at org.testng.SuiteRunnerWorker.run(SuiteRunnerWorker.java:95)
	at org.testng.TestNG.runSuitesSequentially(TestNG.java:1301)
	at org.testng.TestNG.runSuitesLocally(TestNG.java:1228)
	at org.testng.TestNG.runSuites(TestNG.java:1134)
	at org.testng.TestNG.run(TestNG.java:1101)
	at org.apache.maven.surefire.testng.TestNGExecutor.run(TestNGExecutor.java:308)
	at org.apache.maven.surefire.testng.TestNGXmlTestSuite.execute(TestNGXmlTestSuite.java:71)
	at org.apache.maven.surefire.testng.TestNGProvider.invoke(TestNGProvider.java:113)
	at org.apache.maven.surefire.booter.ForkedBooter.runSuitesInProcess(ForkedBooter.java:385)
	at org.apache.maven.surefire.booter.ForkedBooter.execute(ForkedBooter.java:162)
	at org.apache.maven.surefire.booter.ForkedBooter.run(ForkedBooter.java:507)
	at org.apache.maven.surefire.booter.ForkedBooter.main(ForkedBooter.java:495)
]]></failure>
    <system-out><![CDATA[21:04:42 [main] INFO  com.ekart.base.BaseTest - Tests complete. Closing browser.
21:04:42 [main] INFO  com.ekart.base.BaseTest - Starting | Browser: chrome | URL: https://ekartms.netlify.app
21:04:46 [main] INFO  com.ekart.pages.BasePage - Navigated to Login page
21:04:46 [main] INFO  com.ekart.pages.BasePage - Logging in as: user@ekart.com
]]></system-out>
    <system-err><![CDATA[Jun 08, 2026 9:04:44 PM org.openqa.selenium.devtools.CdpVersionFinder findNearestMatch
WARNING: Unable to find CDP implementation matching 149
Jun 08, 2026 9:04:44 PM org.openqa.selenium.chromium.ChromiumDriver lambda$new$5
WARNING: Unable to find version of CDP to use for 149.0.7827.54. You may need to include a dependency on a specific version of the CDP using something similar to `org.seleniumhq.selenium:selenium-devtools-v86:4.18.1` where the version ("v86") matches the version of the chromium-based browser you're using and the version number of the artifact is the same as Selenium's.
]]></system-err>
  </testcase>
  <testcase name="testWrongPassword" classname="com.ekart.tests.LoginTest" time="4.556">
    <system-out><![CDATA[21:04:48 [main] INFO  com.ekart.pages.BasePage - Navigated to Login page
21:04:48 [main] INFO  com.ekart.pages.BasePage - Logging in as: user@ekart.com
21:04:52 [main] INFO  com.ekart.base.BaseTest - PASS: Wrong password shows error
]]></system-out>
  </testcase>
  <testcase name="testNonExistentEmail" classname="com.ekart.tests.LoginTest" time="2.449">
    <system-out><![CDATA[21:04:53 [main] INFO  com.ekart.pages.BasePage - Navigated to Login page
21:04:53 [main] INFO  com.ekart.pages.BasePage - Logging in as: nonexistent@fake.com
21:04:55 [main] INFO  com.ekart.base.BaseTest - PASS: Non-existent email shows error
]]></system-out>
  </testcase>
  <testcase name="testEmptyEmail" classname="com.ekart.tests.LoginTest" time="10.433">
    <system-out><![CDATA[21:04:55 [main] INFO  com.ekart.pages.BasePage - Navigated to Login page
21:05:06 [main] INFO  com.ekart.base.BaseTest - PASS: Empty email shows validation error
]]></system-out>
  </testcase>
  <testcase name="testEmptyPassword" classname="com.ekart.tests.LoginTest" time="10.378">
    <system-out><![CDATA[21:05:07 [main] INFO  com.ekart.pages.BasePage - Navigated to Login page
21:05:17 [main] INFO  com.ekart.base.BaseTest - PASS: Empty password shows validation error
]]></system-out>
  </testcase>
  <testcase name="testBothFieldsEmpty" classname="com.ekart.tests.LoginTest" time="10.223">
    <system-out><![CDATA[21:05:18 [main] INFO  com.ekart.pages.BasePage - Navigated to Login page
21:05:28 [main] INFO  com.ekart.base.BaseTest - PASS: Both empty fields shows validation error
]]></system-out>
  </testcase>
  <testcase name="testInvalidEmailFormat" classname="com.ekart.tests.LoginTest" time="10.955">
    <system-out><![CDATA[21:05:29 [main] INFO  com.ekart.pages.BasePage - Navigated to Login page
21:05:29 [main] INFO  com.ekart.pages.BasePage - Logging in as: notanemail
21:05:40 [main] INFO  com.ekart.base.BaseTest - PASS: Invalid email format shows error
]]></system-out>
  </testcase>
  <testcase name="testErrorMessageContent" classname="com.ekart.tests.LoginTest" time="2.932">
    <system-out><![CDATA[21:05:40 [main] INFO  com.ekart.pages.BasePage - Navigated to Login page
21:05:40 [main] INFO  com.ekart.pages.BasePage - Logging in as: wrong@email.com
21:05:43 [main] INFO  com.ekart.base.BaseTest - PASS: Error message shown: Invalid email or password
]]></system-out>
  </testcase>
  <testcase name="testLoginPageHeading" classname="com.ekart.tests.LoginTest" time="0.188">
    <system-out><![CDATA[21:05:43 [main] INFO  com.ekart.pages.BasePage - Navigated to Login page
21:05:44 [main] INFO  com.ekart.base.BaseTest - PASS: Login heading: Welcome Back
]]></system-out>
  </testcase>
  <testcase name="testForgotPasswordLinkExists" classname="com.ekart.tests.LoginTest" time="0.06">
    <system-out><![CDATA[21:05:44 [main] INFO  com.ekart.pages.BasePage - Navigated to Login page
21:05:44 [main] INFO  com.ekart.base.BaseTest - PASS: Forgot password link present
]]></system-out>
  </testcase>
  <testcase name="testHandleAlert" classname="com.ekart.tests.AlertTest" time="17.066">
    <system-out><![CDATA[21:05:44 [main] INFO  com.ekart.base.BaseTest - Tests complete. Closing browser.
21:05:44 [main] INFO  com.ekart.base.BaseTest - Starting | Browser: chrome | URL: https://ekartms.netlify.app
21:06:03 [main] INFO  com.ekart.base.BaseTest - INFO: No browser alert on home page (expected)
]]></system-out>
    <system-err><![CDATA[Jun 08, 2026 9:05:45 PM org.openqa.selenium.devtools.CdpVersionFinder findNearestMatch
WARNING: Unable to find CDP implementation matching 149
Jun 08, 2026 9:05:45 PM org.openqa.selenium.chromium.ChromiumDriver lambda$new$5
WARNING: Unable to find version of CDP to use for 149.0.7827.54. You may need to include a dependency on a specific version of the CDP using something similar to `org.seleniumhq.selenium:selenium-devtools-v86:4.18.1` where the version ("v86") matches the version of the chromium-based browser you're using and the version number of the artifact is the same as Selenium's.
]]></system-err>
  </testcase>
  <testcase name="testNoUnexpectedPopupsOnLogin" classname="com.ekart.tests.AlertTest" time="15.847">
    <system-out><![CDATA[21:06:18 [main] INFO  com.ekart.base.BaseTest - PASS: No unexpected alerts on login page
]]></system-out>
  </testcase>
  <testcase name="testLogoutRedirectsToLogin" classname="com.ekart.tests.LogoutTest" time="25.309">
    <failure message="Logout action should be triggerable — logout menu item not found expected [true] but found [false]" type="java.lang.AssertionError"><![CDATA[java.lang.AssertionError: Logout action should be triggerable — logout menu item not found expected [true] but found [false]
	at org.testng.Assert.fail(Assert.java:111)
	at org.testng.Assert.failNotEquals(Assert.java:1578)
	at org.testng.Assert.assertTrue(Assert.java:57)
	at com.ekart.tests.LogoutTest.testLogoutRedirectsToLogin(LogoutTest.java:73)
	at java.base/jdk.internal.reflect.DirectMethodHandleAccessor.invoke(DirectMethodHandleAccessor.java:104)
	at java.base/java.lang.reflect.Method.invoke(Method.java:565)
	at org.testng.internal.invokers.MethodInvocationHelper.invokeMethod(MethodInvocationHelper.java:139)
	at org.testng.internal.invokers.TestInvoker.invokeMethod(TestInvoker.java:664)
	at org.testng.internal.invokers.TestInvoker.invokeTestMethod(TestInvoker.java:228)
	at org.testng.internal.invokers.MethodRunner.runInSequence(MethodRunner.java:63)
	at org.testng.internal.invokers.TestInvoker$MethodInvocationAgent.invoke(TestInvoker.java:961)
	at org.testng.internal.invokers.TestInvoker.invokeTestMethods(TestInvoker.java:201)
	at org.testng.internal.invokers.TestMethodWorker.invokeTestMethods(TestMethodWorker.java:148)
	at org.testng.internal.invokers.TestMethodWorker.run(TestMethodWorker.java:128)
	at java.base/java.util.ArrayList.forEach(ArrayList.java:1604)
	at org.testng.TestRunner.privateRun(TestRunner.java:819)
	at org.testng.TestRunner.run(TestRunner.java:619)
	at org.testng.SuiteRunner.runTest(SuiteRunner.java:443)
	at org.testng.SuiteRunner.runSequentially(SuiteRunner.java:437)
	at org.testng.SuiteRunner.privateRun(SuiteRunner.java:397)
	at org.testng.SuiteRunner.run(SuiteRunner.java:336)
	at org.testng.SuiteRunnerWorker.runSuite(SuiteRunnerWorker.java:52)
	at org.testng.SuiteRunnerWorker.run(SuiteRunnerWorker.java:95)
	at org.testng.TestNG.runSuitesSequentially(TestNG.java:1301)
	at org.testng.TestNG.runSuitesLocally(TestNG.java:1228)
	at org.testng.TestNG.runSuites(TestNG.java:1134)
	at org.testng.TestNG.run(TestNG.java:1101)
	at org.apache.maven.surefire.testng.TestNGExecutor.run(TestNGExecutor.java:308)
	at org.apache.maven.surefire.testng.TestNGXmlTestSuite.execute(TestNGXmlTestSuite.java:71)
	at org.apache.maven.surefire.testng.TestNGProvider.invoke(TestNGProvider.java:113)
	at org.apache.maven.surefire.booter.ForkedBooter.runSuitesInProcess(ForkedBooter.java:385)
	at org.apache.maven.surefire.booter.ForkedBooter.execute(ForkedBooter.java:162)
	at org.apache.maven.surefire.booter.ForkedBooter.run(ForkedBooter.java:507)
	at org.apache.maven.surefire.booter.ForkedBooter.main(ForkedBooter.java:495)
]]></failure>
    <system-out><![CDATA[21:06:18 [main] INFO  com.ekart.base.BaseTest - Tests complete. Closing browser.
21:06:19 [main] INFO  com.ekart.base.BaseTest - Starting | Browser: chrome | URL: https://ekartms.netlify.app
21:06:23 [main] INFO  com.ekart.pages.BasePage - Navigated to Login page
21:06:23 [main] INFO  com.ekart.pages.BasePage - Logging in as: user@ekart.com
21:06:26 [main] INFO  com.ekart.base.BaseTest - Setup login complete. URL: https://ekartms.netlify.app/login
21:06:26 [main] INFO  com.ekart.pages.BasePage - Attempting logout…
21:06:36 [main] WARN  com.ekart.pages.BasePage -   → User avatar not found — may already be on logout trigger or using inline nav
21:06:46 [main] ERROR com.ekart.pages.BasePage -   → Logout menu item NOT found
]]></system-out>
    <system-err><![CDATA[Jun 08, 2026 9:06:20 PM org.openqa.selenium.devtools.CdpVersionFinder findNearestMatch
WARNING: Unable to find CDP implementation matching 149
Jun 08, 2026 9:06:20 PM org.openqa.selenium.chromium.ChromiumDriver lambda$new$5
WARNING: Unable to find version of CDP to use for 149.0.7827.54. You may need to include a dependency on a specific version of the CDP using something similar to `org.seleniumhq.selenium:selenium-devtools-v86:4.18.1` where the version ("v86") matches the version of the chromium-based browser you're using and the version number of the artifact is the same as Selenium's.
]]></system-err>
  </testcase>
  <testcase name="testLoginLinkAppearsAfterLogout" classname="com.ekart.tests.LogoutTest" time="48.121">
    <failure message="Login or Register link should appear in the nav after logout expected [true] but found [false]" type="java.lang.AssertionError"><![CDATA[java.lang.AssertionError: Login or Register link should appear in the nav after logout expected [true] but found [false]
	at org.testng.Assert.fail(Assert.java:111)
	at org.testng.Assert.failNotEquals(Assert.java:1578)
	at org.testng.Assert.assertTrue(Assert.java:57)
	at com.ekart.tests.LogoutTest.testLoginLinkAppearsAfterLogout(LogoutTest.java:99)
	at java.base/jdk.internal.reflect.DirectMethodHandleAccessor.invoke(DirectMethodHandleAccessor.java:104)
	at java.base/java.lang.reflect.Method.invoke(Method.java:565)
	at org.testng.internal.invokers.MethodInvocationHelper.invokeMethod(MethodInvocationHelper.java:139)
	at org.testng.internal.invokers.TestInvoker.invokeMethod(TestInvoker.java:664)
	at org.testng.internal.invokers.TestInvoker.invokeTestMethod(TestInvoker.java:228)
	at org.testng.internal.invokers.MethodRunner.runInSequence(MethodRunner.java:63)
	at org.testng.internal.invokers.TestInvoker$MethodInvocationAgent.invoke(TestInvoker.java:961)
	at org.testng.internal.invokers.TestInvoker.invokeTestMethods(TestInvoker.java:201)
	at org.testng.internal.invokers.TestMethodWorker.invokeTestMethods(TestMethodWorker.java:148)
	at org.testng.internal.invokers.TestMethodWorker.run(TestMethodWorker.java:128)
	at java.base/java.util.ArrayList.forEach(ArrayList.java:1604)
	at org.testng.TestRunner.privateRun(TestRunner.java:819)
	at org.testng.TestRunner.run(TestRunner.java:619)
	at org.testng.SuiteRunner.runTest(SuiteRunner.java:443)
	at org.testng.SuiteRunner.runSequentially(SuiteRunner.java:437)
	at org.testng.SuiteRunner.privateRun(SuiteRunner.java:397)
	at org.testng.SuiteRunner.run(SuiteRunner.java:336)
	at org.testng.SuiteRunnerWorker.runSuite(SuiteRunnerWorker.java:52)
	at org.testng.SuiteRunnerWorker.run(SuiteRunnerWorker.java:95)
	at org.testng.TestNG.runSuitesSequentially(TestNG.java:1301)
	at org.testng.TestNG.runSuitesLocally(TestNG.java:1228)
	at org.testng.TestNG.runSuites(TestNG.java:1134)
	at org.testng.TestNG.run(TestNG.java:1101)
	at org.apache.maven.surefire.testng.TestNGExecutor.run(TestNGExecutor.java:308)
	at org.apache.maven.surefire.testng.TestNGXmlTestSuite.execute(TestNGXmlTestSuite.java:71)
	at org.apache.maven.surefire.testng.TestNGProvider.invoke(TestNGProvider.java:113)
	at org.apache.maven.surefire.booter.ForkedBooter.runSuitesInProcess(ForkedBooter.java:385)
	at org.apache.maven.surefire.booter.ForkedBooter.execute(ForkedBooter.java:162)
	at org.apache.maven.surefire.booter.ForkedBooter.run(ForkedBooter.java:507)
	at org.apache.maven.surefire.booter.ForkedBooter.main(ForkedBooter.java:495)
]]></failure>
    <system-out><![CDATA[21:06:48 [main] INFO  com.ekart.pages.BasePage - Navigated to Login page
21:06:48 [main] INFO  com.ekart.pages.BasePage - Logging in as: user@ekart.com
21:06:51 [main] INFO  com.ekart.base.BaseTest - Setup login complete. URL: https://ekartms.netlify.app/login
21:06:51 [main] INFO  com.ekart.pages.BasePage - Attempting logout…
21:07:01 [main] WARN  com.ekart.pages.BasePage -   → User avatar not found — may already be on logout trigger or using inline nav
21:07:11 [main] ERROR com.ekart.pages.BasePage -   → Logout menu item NOT found
21:07:24 [main] INFO  com.ekart.pages.BasePage - isLoginLinkVisible → false
]]></system-out>
  </testcase>
  <testcase name="testAuthCookiesClearedAfterLogout" classname="com.ekart.tests.LogoutTest" time="24.977">
    <system-out><![CDATA[21:07:34 [main] INFO  com.ekart.pages.BasePage - Navigated to Login page
21:07:34 [main] INFO  com.ekart.pages.BasePage - Logging in as: user@ekart.com
21:07:37 [main] INFO  com.ekart.base.BaseTest - Setup login complete. URL: https://ekartms.netlify.app/login
21:07:37 [main] INFO  com.ekart.base.BaseTest - Cookies BEFORE logout: (no cookies)
21:07:37 [main] INFO  com.ekart.pages.BasePage - Attempting logout…
21:07:48 [main] WARN  com.ekart.pages.BasePage -   → User avatar not found — may already be on logout trigger or using inline nav
21:07:58 [main] ERROR com.ekart.pages.BasePage -   → Logout menu item NOT found
21:07:59 [main] INFO  com.ekart.base.BaseTest - Cookies AFTER logout: (no cookies)
21:07:59 [main] INFO  com.ekart.pages.BasePage - No auth cookies found — session cookies cleared
21:07:59 [main] INFO  com.ekart.base.BaseTest - PASS TC_LOGOUT_003: Auth cookies cleared
]]></system-out>
  </testcase>
  <testcase name="testLocalStorageTokensClearedAfterLogout" classname="com.ekart.tests.LogoutTest" time="24.876">
    <failure message="Auth tokens should be removed from localStorage after logout expected [true] but found [false]" type="java.lang.AssertionError"><![CDATA[java.lang.AssertionError: Auth tokens should be removed from localStorage after logout expected [true] but found [false]
	at org.testng.Assert.fail(Assert.java:111)
	at org.testng.Assert.failNotEquals(Assert.java:1578)
	at org.testng.Assert.assertTrue(Assert.java:57)
	at com.ekart.tests.LogoutTest.testLocalStorageTokensClearedAfterLogout(LogoutTest.java:147)
	at java.base/jdk.internal.reflect.DirectMethodHandleAccessor.invoke(DirectMethodHandleAccessor.java:104)
	at java.base/java.lang.reflect.Method.invoke(Method.java:565)
	at org.testng.internal.invokers.MethodInvocationHelper.invokeMethod(MethodInvocationHelper.java:139)
	at org.testng.internal.invokers.TestInvoker.invokeMethod(TestInvoker.java:664)
	at org.testng.internal.invokers.TestInvoker.invokeTestMethod(TestInvoker.java:228)
	at org.testng.internal.invokers.MethodRunner.runInSequence(MethodRunner.java:63)
	at org.testng.internal.invokers.TestInvoker$MethodInvocationAgent.invoke(TestInvoker.java:961)
	at org.testng.internal.invokers.TestInvoker.invokeTestMethods(TestInvoker.java:201)
	at org.testng.internal.invokers.TestMethodWorker.invokeTestMethods(TestMethodWorker.java:148)
	at org.testng.internal.invokers.TestMethodWorker.run(TestMethodWorker.java:128)
	at java.base/java.util.ArrayList.forEach(ArrayList.java:1604)
	at org.testng.TestRunner.privateRun(TestRunner.java:819)
	at org.testng.TestRunner.run(TestRunner.java:619)
	at org.testng.SuiteRunner.runTest(SuiteRunner.java:443)
	at org.testng.SuiteRunner.runSequentially(SuiteRunner.java:437)
	at org.testng.SuiteRunner.privateRun(SuiteRunner.java:397)
	at org.testng.SuiteRunner.run(SuiteRunner.java:336)
	at org.testng.SuiteRunnerWorker.runSuite(SuiteRunnerWorker.java:52)
	at org.testng.SuiteRunnerWorker.run(SuiteRunnerWorker.java:95)
	at org.testng.TestNG.runSuitesSequentially(TestNG.java:1301)
	at org.testng.TestNG.runSuitesLocally(TestNG.java:1228)
	at org.testng.TestNG.runSuites(TestNG.java:1134)
	at org.testng.TestNG.run(TestNG.java:1101)
	at org.apache.maven.surefire.testng.TestNGExecutor.run(TestNGExecutor.java:308)
	at org.apache.maven.surefire.testng.TestNGXmlTestSuite.execute(TestNGXmlTestSuite.java:71)
	at org.apache.maven.surefire.testng.TestNGProvider.invoke(TestNGProvider.java:113)
	at org.apache.maven.surefire.booter.ForkedBooter.runSuitesInProcess(ForkedBooter.java:385)
	at org.apache.maven.surefire.booter.ForkedBooter.execute(ForkedBooter.java:162)
	at org.apache.maven.surefire.booter.ForkedBooter.run(ForkedBooter.java:507)
	at org.apache.maven.surefire.booter.ForkedBooter.main(ForkedBooter.java:495)
]]></failure>
    <system-out><![CDATA[21:07:59 [main] INFO  com.ekart.pages.BasePage - Navigated to Login page
21:07:59 [main] INFO  com.ekart.pages.BasePage - Logging in as: user@ekart.com
21:08:03 [main] INFO  com.ekart.base.BaseTest - Setup login complete. URL: https://ekartms.netlify.app/login
21:08:03 [main] INFO  com.ekart.base.BaseTest - localStorage['token'] BEFORE logout: eyJhbGciOiJIUzI1NiJ9.eyJzdWIiOiJ1c2VyQGVrYXJ0LmNvbSIsInJvbGUiOiJST0xFX1VTRVIiLCJuYW1lIjoiVGVzdCBVc2VyIiwiaWF0IjoxNzgwOTMzMDYwLCJleHAiOjE3ODA5MzY2NjB9.c1OoILAVxMw5GxPVoXbVZ7wB-tyJpd88TOWPeGEoyZM
21:08:03 [main] INFO  com.ekart.pages.BasePage - Attempting logout…
21:08:13 [main] WARN  com.ekart.pages.BasePage -   → User avatar not found — may already be on logout trigger or using inline nav
21:08:23 [main] ERROR com.ekart.pages.BasePage -   → Logout menu item NOT found
21:08:24 [main] WARN  com.ekart.pages.BasePage - localStorage token still present: token = eyJhbGciOiJIUzI1NiJ9.eyJzdWIiOiJ1c2VyQGVrYXJ0LmNvbSIsInJvbGUiOiJST0xFX1VTRVIiLCJuYW1lIjoiVGVzdCBVc2VyIiwiaWF0IjoxNzgwOTMzMDg1LCJleHAiOjE3ODA5MzY2ODV9.TzA5KybJIJs7I6inHA053B2o0a2nZOYs0iUg9m6Ok3E
]]></system-out>
  </testcase>
  <testcase name="testUserAvatarGoneAfterLogout" classname="com.ekart.tests.LogoutTest" time="36.22">
    <system-out><![CDATA[21:08:24 [main] INFO  com.ekart.pages.BasePage - Navigated to Login page
21:08:24 [main] INFO  com.ekart.pages.BasePage - Logging in as: user@ekart.com
21:08:27 [main] INFO  com.ekart.base.BaseTest - Setup login complete. URL: https://ekartms.netlify.app/login
21:08:27 [main] INFO  com.ekart.pages.BasePage - Attempting logout…
21:08:37 [main] WARN  com.ekart.pages.BasePage -   → User avatar not found — may already be on logout trigger or using inline nav
21:08:47 [main] ERROR com.ekart.pages.BasePage -   → Logout menu item NOT found
21:09:00 [main] INFO  com.ekart.pages.BasePage - isUserAvatarGone → true
21:09:00 [main] INFO  com.ekart.base.BaseTest - PASS TC_LOGOUT_005: User avatar not visible after logout
]]></system-out>
  </testcase>
  <testcase name="testSessionDoesNotPersistAfterLogout" classname="com.ekart.tests.LogoutTest" time="39.394">
    <failure message="After logout, /profile should redirect to login (session must not persist) expected [true] but found [false]" type="java.lang.AssertionError"><![CDATA[java.lang.AssertionError: After logout, /profile should redirect to login (session must not persist) expected [true] but found [false]
	at org.testng.Assert.fail(Assert.java:111)
	at org.testng.Assert.failNotEquals(Assert.java:1578)
	at org.testng.Assert.assertTrue(Assert.java:57)
	at com.ekart.tests.LogoutTest.testSessionDoesNotPersistAfterLogout(LogoutTest.java:189)
	at java.base/jdk.internal.reflect.DirectMethodHandleAccessor.invoke(DirectMethodHandleAccessor.java:104)
	at java.base/java.lang.reflect.Method.invoke(Method.java:565)
	at org.testng.internal.invokers.MethodInvocationHelper.invokeMethod(MethodInvocationHelper.java:139)
	at org.testng.internal.invokers.TestInvoker.invokeMethod(TestInvoker.java:664)
	at org.testng.internal.invokers.TestInvoker.invokeTestMethod(TestInvoker.java:228)
	at org.testng.internal.invokers.MethodRunner.runInSequence(MethodRunner.java:63)
	at org.testng.internal.invokers.TestInvoker$MethodInvocationAgent.invoke(TestInvoker.java:961)
	at org.testng.internal.invokers.TestInvoker.invokeTestMethods(TestInvoker.java:201)
	at org.testng.internal.invokers.TestMethodWorker.invokeTestMethods(TestMethodWorker.java:148)
	at org.testng.internal.invokers.TestMethodWorker.run(TestMethodWorker.java:128)
	at java.base/java.util.ArrayList.forEach(ArrayList.java:1604)
	at org.testng.TestRunner.privateRun(TestRunner.java:819)
	at org.testng.TestRunner.run(TestRunner.java:619)
	at org.testng.SuiteRunner.runTest(SuiteRunner.java:443)
	at org.testng.SuiteRunner.runSequentially(SuiteRunner.java:437)
	at org.testng.SuiteRunner.privateRun(SuiteRunner.java:397)
	at org.testng.SuiteRunner.run(SuiteRunner.java:336)
	at org.testng.SuiteRunnerWorker.runSuite(SuiteRunnerWorker.java:52)
	at org.testng.SuiteRunnerWorker.run(SuiteRunnerWorker.java:95)
	at org.testng.TestNG.runSuitesSequentially(TestNG.java:1301)
	at org.testng.TestNG.runSuitesLocally(TestNG.java:1228)
	at org.testng.TestNG.runSuites(TestNG.java:1134)
	at org.testng.TestNG.run(TestNG.java:1101)
	at org.apache.maven.surefire.testng.TestNGExecutor.run(TestNGExecutor.java:308)
	at org.apache.maven.surefire.testng.TestNGXmlTestSuite.execute(TestNGXmlTestSuite.java:71)
	at org.apache.maven.surefire.testng.TestNGProvider.invoke(TestNGProvider.java:113)
	at org.apache.maven.surefire.booter.ForkedBooter.runSuitesInProcess(ForkedBooter.java:385)
	at org.apache.maven.surefire.booter.ForkedBooter.execute(ForkedBooter.java:162)
	at org.apache.maven.surefire.booter.ForkedBooter.run(ForkedBooter.java:507)
	at org.apache.maven.surefire.booter.ForkedBooter.main(ForkedBooter.java:495)
]]></failure>
    <system-out><![CDATA[21:09:00 [main] INFO  com.ekart.pages.BasePage - Navigated to Login page
21:09:00 [main] INFO  com.ekart.pages.BasePage - Logging in as: user@ekart.com
21:09:04 [main] INFO  com.ekart.base.BaseTest - Setup login complete. URL: https://ekartms.netlify.app/login
21:09:04 [main] INFO  com.ekart.pages.BasePage - Attempting logout…
21:09:14 [main] WARN  com.ekart.pages.BasePage -   → User avatar not found — may already be on logout trigger or using inline nav
21:09:24 [main] ERROR com.ekart.pages.BasePage -   → Logout menu item NOT found
21:09:27 [main] INFO  com.ekart.pages.BasePage - Navigating to protected route: https://ekartms.netlify.app/profile
21:09:29 [main] INFO  com.ekart.pages.BasePage -   → Landed on: https://ekartms.netlify.app/profile
]]></system-out>
  </testcase>
  <testcase name="testProfileRouteGuardedWhenNotLoggedIn" classname="com.ekart.tests.LogoutTest" time="12.473">
    <failure message="/profile should redirect unauthenticated users to /login. Landed on: https://ekartms.netlify.app/profile expected [true] but found [false]" type="java.lang.AssertionError"><![CDATA[java.lang.AssertionError: /profile should redirect unauthenticated users to /login. Landed on: https://ekartms.netlify.app/profile expected [true] but found [false]
	at org.testng.Assert.fail(Assert.java:111)
	at org.testng.Assert.failNotEquals(Assert.java:1578)
	at org.testng.Assert.assertTrue(Assert.java:57)
	at com.ekart.tests.LogoutTest.testProfileRouteGuardedWhenNotLoggedIn(LogoutTest.java:205)
	at java.base/jdk.internal.reflect.DirectMethodHandleAccessor.invoke(DirectMethodHandleAccessor.java:104)
	at java.base/java.lang.reflect.Method.invoke(Method.java:565)
	at org.testng.internal.invokers.MethodInvocationHelper.invokeMethod(MethodInvocationHelper.java:139)
	at org.testng.internal.invokers.TestInvoker.invokeMethod(TestInvoker.java:664)
	at org.testng.internal.invokers.TestInvoker.invokeTestMethod(TestInvoker.java:228)
	at org.testng.internal.invokers.MethodRunner.runInSequence(MethodRunner.java:63)
	at org.testng.internal.invokers.TestInvoker$MethodInvocationAgent.invoke(TestInvoker.java:961)
	at org.testng.internal.invokers.TestInvoker.invokeTestMethods(TestInvoker.java:201)
	at org.testng.internal.invokers.TestMethodWorker.invokeTestMethods(TestMethodWorker.java:148)
	at org.testng.internal.invokers.TestMethodWorker.run(TestMethodWorker.java:128)
	at java.base/java.util.ArrayList.forEach(ArrayList.java:1604)
	at org.testng.TestRunner.privateRun(TestRunner.java:819)
	at org.testng.TestRunner.run(TestRunner.java:619)
	at org.testng.SuiteRunner.runTest(SuiteRunner.java:443)
	at org.testng.SuiteRunner.runSequentially(SuiteRunner.java:437)
	at org.testng.SuiteRunner.privateRun(SuiteRunner.java:397)
	at org.testng.SuiteRunner.run(SuiteRunner.java:336)
	at org.testng.SuiteRunnerWorker.runSuite(SuiteRunnerWorker.java:52)
	at org.testng.SuiteRunnerWorker.run(SuiteRunnerWorker.java:95)
	at org.testng.TestNG.runSuitesSequentially(TestNG.java:1301)
	at org.testng.TestNG.runSuitesLocally(TestNG.java:1228)
	at org.testng.TestNG.runSuites(TestNG.java:1134)
	at org.testng.TestNG.run(TestNG.java:1101)
	at org.apache.maven.surefire.testng.TestNGExecutor.run(TestNGExecutor.java:308)
	at org.apache.maven.surefire.testng.TestNGXmlTestSuite.execute(TestNGXmlTestSuite.java:71)
	at org.apache.maven.surefire.testng.TestNGProvider.invoke(TestNGProvider.java:113)
	at org.apache.maven.surefire.booter.ForkedBooter.runSuitesInProcess(ForkedBooter.java:385)
	at org.apache.maven.surefire.booter.ForkedBooter.execute(ForkedBooter.java:162)
	at org.apache.maven.surefire.booter.ForkedBooter.run(ForkedBooter.java:507)
	at org.apache.maven.surefire.booter.ForkedBooter.main(ForkedBooter.java:495)
]]></failure>
    <system-out><![CDATA[21:09:40 [main] INFO  com.ekart.pages.BasePage - Navigating to protected route: https://ekartms.netlify.app/profile
21:09:42 [main] INFO  com.ekart.pages.BasePage -   → Landed on: https://ekartms.netlify.app/profile
]]></system-out>
  </testcase>
  <testcase name="testOrdersRouteGuardedWhenNotLoggedIn" classname="com.ekart.tests.LogoutTest" time="12.587">
    <failure message="/orders should redirect unauthenticated users to /login. Landed on: https://ekartms.netlify.app/orders expected [true] but found [false]" type="java.lang.AssertionError"><![CDATA[java.lang.AssertionError: /orders should redirect unauthenticated users to /login. Landed on: https://ekartms.netlify.app/orders expected [true] but found [false]
	at org.testng.Assert.fail(Assert.java:111)
	at org.testng.Assert.failNotEquals(Assert.java:1578)
	at org.testng.Assert.assertTrue(Assert.java:57)
	at com.ekart.tests.LogoutTest.testOrdersRouteGuardedWhenNotLoggedIn(LogoutTest.java:221)
	at java.base/jdk.internal.reflect.DirectMethodHandleAccessor.invoke(DirectMethodHandleAccessor.java:104)
	at java.base/java.lang.reflect.Method.invoke(Method.java:565)
	at org.testng.internal.invokers.MethodInvocationHelper.invokeMethod(MethodInvocationHelper.java:139)
	at org.testng.internal.invokers.TestInvoker.invokeMethod(TestInvoker.java:664)
	at org.testng.internal.invokers.TestInvoker.invokeTestMethod(TestInvoker.java:228)
	at org.testng.internal.invokers.MethodRunner.runInSequence(MethodRunner.java:63)
	at org.testng.internal.invokers.TestInvoker$MethodInvocationAgent.invoke(TestInvoker.java:961)
	at org.testng.internal.invokers.TestInvoker.invokeTestMethods(TestInvoker.java:201)
	at org.testng.internal.invokers.TestMethodWorker.invokeTestMethods(TestMethodWorker.java:148)
	at org.testng.internal.invokers.TestMethodWorker.run(TestMethodWorker.java:128)
	at java.base/java.util.ArrayList.forEach(ArrayList.java:1604)
	at org.testng.TestRunner.privateRun(TestRunner.java:819)
	at org.testng.TestRunner.run(TestRunner.java:619)
	at org.testng.SuiteRunner.runTest(SuiteRunner.java:443)
	at org.testng.SuiteRunner.runSequentially(SuiteRunner.java:437)
	at org.testng.SuiteRunner.privateRun(SuiteRunner.java:397)
	at org.testng.SuiteRunner.run(SuiteRunner.java:336)
	at org.testng.SuiteRunnerWorker.runSuite(SuiteRunnerWorker.java:52)
	at org.testng.SuiteRunnerWorker.run(SuiteRunnerWorker.java:95)
	at org.testng.TestNG.runSuitesSequentially(TestNG.java:1301)
	at org.testng.TestNG.runSuitesLocally(TestNG.java:1228)
	at org.testng.TestNG.runSuites(TestNG.java:1134)
	at org.testng.TestNG.run(TestNG.java:1101)
	at org.apache.maven.surefire.testng.TestNGExecutor.run(TestNGExecutor.java:308)
	at org.apache.maven.surefire.testng.TestNGXmlTestSuite.execute(TestNGXmlTestSuite.java:71)
	at org.apache.maven.surefire.testng.TestNGProvider.invoke(TestNGProvider.java:113)
	at org.apache.maven.surefire.booter.ForkedBooter.runSuitesInProcess(ForkedBooter.java:385)
	at org.apache.maven.surefire.booter.ForkedBooter.execute(ForkedBooter.java:162)
	at org.apache.maven.surefire.booter.ForkedBooter.run(ForkedBooter.java:507)
	at org.apache.maven.surefire.booter.ForkedBooter.main(ForkedBooter.java:495)
]]></failure>
    <system-out><![CDATA[21:09:52 [main] INFO  com.ekart.pages.BasePage - Navigating to protected route: https://ekartms.netlify.app/orders
21:09:54 [main] INFO  com.ekart.pages.BasePage -   → Landed on: https://ekartms.netlify.app/orders
]]></system-out>
  </testcase>
  <testcase name="testCheckoutRouteGuardedWhenNotLoggedIn" classname="com.ekart.tests.LogoutTest" time="12.54">
    <failure message="/checkout should redirect unauthenticated users to /login. Landed on: https://ekartms.netlify.app/cart expected [true] but found [false]" type="java.lang.AssertionError"><![CDATA[java.lang.AssertionError: /checkout should redirect unauthenticated users to /login. Landed on: https://ekartms.netlify.app/cart expected [true] but found [false]
	at org.testng.Assert.fail(Assert.java:111)
	at org.testng.Assert.failNotEquals(Assert.java:1578)
	at org.testng.Assert.assertTrue(Assert.java:57)
	at com.ekart.tests.LogoutTest.testCheckoutRouteGuardedWhenNotLoggedIn(LogoutTest.java:237)
	at java.base/jdk.internal.reflect.DirectMethodHandleAccessor.invoke(DirectMethodHandleAccessor.java:104)
	at java.base/java.lang.reflect.Method.invoke(Method.java:565)
	at org.testng.internal.invokers.MethodInvocationHelper.invokeMethod(MethodInvocationHelper.java:139)
	at org.testng.internal.invokers.TestInvoker.invokeMethod(TestInvoker.java:664)
	at org.testng.internal.invokers.TestInvoker.invokeTestMethod(TestInvoker.java:228)
	at org.testng.internal.invokers.MethodRunner.runInSequence(MethodRunner.java:63)
	at org.testng.internal.invokers.TestInvoker$MethodInvocationAgent.invoke(TestInvoker.java:961)
	at org.testng.internal.invokers.TestInvoker.invokeTestMethods(TestInvoker.java:201)
	at org.testng.internal.invokers.TestMethodWorker.invokeTestMethods(TestMethodWorker.java:148)
	at org.testng.internal.invokers.TestMethodWorker.run(TestMethodWorker.java:128)
	at java.base/java.util.ArrayList.forEach(ArrayList.java:1604)
	at org.testng.TestRunner.privateRun(TestRunner.java:819)
	at org.testng.TestRunner.run(TestRunner.java:619)
	at org.testng.SuiteRunner.runTest(SuiteRunner.java:443)
	at org.testng.SuiteRunner.runSequentially(SuiteRunner.java:437)
	at org.testng.SuiteRunner.privateRun(SuiteRunner.java:397)
	at org.testng.SuiteRunner.run(SuiteRunner.java:336)
	at org.testng.SuiteRunnerWorker.runSuite(SuiteRunnerWorker.java:52)
	at org.testng.SuiteRunnerWorker.run(SuiteRunnerWorker.java:95)
	at org.testng.TestNG.runSuitesSequentially(TestNG.java:1301)
	at org.testng.TestNG.runSuitesLocally(TestNG.java:1228)
	at org.testng.TestNG.runSuites(TestNG.java:1134)
	at org.testng.TestNG.run(TestNG.java:1101)
	at org.apache.maven.surefire.testng.TestNGExecutor.run(TestNGExecutor.java:308)
	at org.apache.maven.surefire.testng.TestNGXmlTestSuite.execute(TestNGXmlTestSuite.java:71)
	at org.apache.maven.surefire.testng.TestNGProvider.invoke(TestNGProvider.java:113)
	at org.apache.maven.surefire.booter.ForkedBooter.runSuitesInProcess(ForkedBooter.java:385)
	at org.apache.maven.surefire.booter.ForkedBooter.execute(ForkedBooter.java:162)
	at org.apache.maven.surefire.booter.ForkedBooter.run(ForkedBooter.java:507)
	at org.apache.maven.surefire.booter.ForkedBooter.main(ForkedBooter.java:495)
]]></failure>
    <system-out><![CDATA[21:10:05 [main] INFO  com.ekart.pages.BasePage - Navigating to protected route: https://ekartms.netlify.app/checkout
21:10:07 [main] INFO  com.ekart.pages.BasePage -   → Landed on: https://ekartms.netlify.app/cart
]]></system-out>
  </testcase>
  <testcase name="testSessionPersistsAcrossRefresh" classname="com.ekart.tests.LogoutTest" time="5.768">
    <failure message="Logged-in session should survive a page refresh. Before: https://ekartms.netlify.app/login | After: https://ekartms.netlify.app/login expected [false] but found [true]" type="java.lang.AssertionError"><![CDATA[java.lang.AssertionError: Logged-in session should survive a page refresh. Before: https://ekartms.netlify.app/login | After: https://ekartms.netlify.app/login expected [false] but found [true]
	at org.testng.Assert.fail(Assert.java:111)
	at org.testng.Assert.failNotEquals(Assert.java:1578)
	at org.testng.Assert.assertFalse(Assert.java:79)
	at com.ekart.tests.LogoutTest.testSessionPersistsAcrossRefresh(LogoutTest.java:257)
	at java.base/jdk.internal.reflect.DirectMethodHandleAccessor.invoke(DirectMethodHandleAccessor.java:104)
	at java.base/java.lang.reflect.Method.invoke(Method.java:565)
	at org.testng.internal.invokers.MethodInvocationHelper.invokeMethod(MethodInvocationHelper.java:139)
	at org.testng.internal.invokers.TestInvoker.invokeMethod(TestInvoker.java:664)
	at org.testng.internal.invokers.TestInvoker.invokeTestMethod(TestInvoker.java:228)
	at org.testng.internal.invokers.MethodRunner.runInSequence(MethodRunner.java:63)
	at org.testng.internal.invokers.TestInvoker$MethodInvocationAgent.invoke(TestInvoker.java:961)
	at org.testng.internal.invokers.TestInvoker.invokeTestMethods(TestInvoker.java:201)
	at org.testng.internal.invokers.TestMethodWorker.invokeTestMethods(TestMethodWorker.java:148)
	at org.testng.internal.invokers.TestMethodWorker.run(TestMethodWorker.java:128)
	at java.base/java.util.ArrayList.forEach(ArrayList.java:1604)
	at org.testng.TestRunner.privateRun(TestRunner.java:819)
	at org.testng.TestRunner.run(TestRunner.java:619)
	at org.testng.SuiteRunner.runTest(SuiteRunner.java:443)
	at org.testng.SuiteRunner.runSequentially(SuiteRunner.java:437)
	at org.testng.SuiteRunner.privateRun(SuiteRunner.java:397)
	at org.testng.SuiteRunner.run(SuiteRunner.java:336)
	at org.testng.SuiteRunnerWorker.runSuite(SuiteRunnerWorker.java:52)
	at org.testng.SuiteRunnerWorker.run(SuiteRunnerWorker.java:95)
	at org.testng.TestNG.runSuitesSequentially(TestNG.java:1301)
	at org.testng.TestNG.runSuitesLocally(TestNG.java:1228)
	at org.testng.TestNG.runSuites(TestNG.java:1134)
	at org.testng.TestNG.run(TestNG.java:1101)
	at org.apache.maven.surefire.testng.TestNGExecutor.run(TestNGExecutor.java:308)
	at org.apache.maven.surefire.testng.TestNGXmlTestSuite.execute(TestNGXmlTestSuite.java:71)
	at org.apache.maven.surefire.testng.TestNGProvider.invoke(TestNGProvider.java:113)
	at org.apache.maven.surefire.booter.ForkedBooter.runSuitesInProcess(ForkedBooter.java:385)
	at org.apache.maven.surefire.booter.ForkedBooter.execute(ForkedBooter.java:162)
	at org.apache.maven.surefire.booter.ForkedBooter.run(ForkedBooter.java:507)
	at org.apache.maven.surefire.booter.ForkedBooter.main(ForkedBooter.java:495)
]]></failure>
    <system-out><![CDATA[21:10:17 [main] INFO  com.ekart.pages.BasePage - Navigated to Login page
21:10:17 [main] INFO  com.ekart.pages.BasePage - Logging in as: user@ekart.com
21:10:21 [main] INFO  com.ekart.base.BaseTest - Setup login complete. URL: https://ekartms.netlify.app/login
]]></system-out>
  </testcase>
  <testcase name="testLogoutIdempotent" classname="com.ekart.tests.LogoutTest" time="24.811">
    <failure message="After first logout should be on login page expected [true] but found [false]" type="java.lang.AssertionError"><![CDATA[java.lang.AssertionError: After first logout should be on login page expected [true] but found [false]
	at org.testng.Assert.fail(Assert.java:111)
	at org.testng.Assert.failNotEquals(Assert.java:1578)
	at org.testng.Assert.assertTrue(Assert.java:57)
	at com.ekart.tests.LogoutTest.testLogoutIdempotent(LogoutTest.java:281)
	at java.base/jdk.internal.reflect.DirectMethodHandleAccessor.invoke(DirectMethodHandleAccessor.java:104)
	at java.base/java.lang.reflect.Method.invoke(Method.java:565)
	at org.testng.internal.invokers.MethodInvocationHelper.invokeMethod(MethodInvocationHelper.java:139)
	at org.testng.internal.invokers.TestInvoker.invokeMethod(TestInvoker.java:664)
	at org.testng.internal.invokers.TestInvoker.invokeTestMethod(TestInvoker.java:228)
	at org.testng.internal.invokers.MethodRunner.runInSequence(MethodRunner.java:63)
	at org.testng.internal.invokers.TestInvoker$MethodInvocationAgent.invoke(TestInvoker.java:961)
	at org.testng.internal.invokers.TestInvoker.invokeTestMethods(TestInvoker.java:201)
	at org.testng.internal.invokers.TestMethodWorker.invokeTestMethods(TestMethodWorker.java:148)
	at org.testng.internal.invokers.TestMethodWorker.run(TestMethodWorker.java:128)
	at java.base/java.util.ArrayList.forEach(ArrayList.java:1604)
	at org.testng.TestRunner.privateRun(TestRunner.java:819)
	at org.testng.TestRunner.run(TestRunner.java:619)
	at org.testng.SuiteRunner.runTest(SuiteRunner.java:443)
	at org.testng.SuiteRunner.runSequentially(SuiteRunner.java:437)
	at org.testng.SuiteRunner.privateRun(SuiteRunner.java:397)
	at org.testng.SuiteRunner.run(SuiteRunner.java:336)
	at org.testng.SuiteRunnerWorker.runSuite(SuiteRunnerWorker.java:52)
	at org.testng.SuiteRunnerWorker.run(SuiteRunnerWorker.java:95)
	at org.testng.TestNG.runSuitesSequentially(TestNG.java:1301)
	at org.testng.TestNG.runSuitesLocally(TestNG.java:1228)
	at org.testng.TestNG.runSuites(TestNG.java:1134)
	at org.testng.TestNG.run(TestNG.java:1101)
	at org.apache.maven.surefire.testng.TestNGExecutor.run(TestNGExecutor.java:308)
	at org.apache.maven.surefire.testng.TestNGXmlTestSuite.execute(TestNGXmlTestSuite.java:71)
	at org.apache.maven.surefire.testng.TestNGProvider.invoke(TestNGProvider.java:113)
	at org.apache.maven.surefire.booter.ForkedBooter.runSuitesInProcess(ForkedBooter.java:385)
	at org.apache.maven.surefire.booter.ForkedBooter.execute(ForkedBooter.java:162)
	at org.apache.maven.surefire.booter.ForkedBooter.run(ForkedBooter.java:507)
	at org.apache.maven.surefire.booter.ForkedBooter.main(ForkedBooter.java:495)
]]></failure>
    <system-out><![CDATA[21:10:23 [main] INFO  com.ekart.pages.BasePage - Navigated to Login page
21:10:23 [main] INFO  com.ekart.pages.BasePage - Logging in as: user@ekart.com
21:10:26 [main] INFO  com.ekart.base.BaseTest - Setup login complete. URL: https://ekartms.netlify.app/login
21:10:26 [main] INFO  com.ekart.pages.BasePage - Attempting logout…
21:10:36 [main] WARN  com.ekart.pages.BasePage -   → User avatar not found — may already be on logout trigger or using inline nav
21:10:47 [main] ERROR com.ekart.pages.BasePage -   → Logout menu item NOT found
21:10:48 [main] INFO  com.ekart.pages.BasePage - isRedirectedToLogin → false | URL: https://ekartms.netlify.app/
]]></system-out>
  </testcase>
  <testcase name="testBackButtonAfterLogoutDoesNotRestoreSession" classname="com.ekart.tests.LogoutTest" time="26.26">
    <system-out><![CDATA[21:10:48 [main] INFO  com.ekart.pages.BasePage - Navigated to Login page
21:10:48 [main] INFO  com.ekart.pages.BasePage - Logging in as: user@ekart.com
21:10:51 [main] INFO  com.ekart.base.BaseTest - Setup login complete. URL: https://ekartms.netlify.app/login
21:10:51 [main] INFO  com.ekart.base.BaseTest - Authenticated URL: https://ekartms.netlify.app/login
21:10:51 [main] INFO  com.ekart.pages.BasePage - Attempting logout…
21:11:01 [main] WARN  com.ekart.pages.BasePage -   → User avatar not found — may already be on logout trigger or using inline nav
21:11:11 [main] ERROR com.ekart.pages.BasePage -   → Logout menu item NOT found
21:11:14 [main] INFO  com.ekart.base.BaseTest - URL after back button: https://ekartms.netlify.app/login
21:11:14 [main] INFO  com.ekart.pages.BasePage - No auth cookies found — session cookies cleared
21:11:14 [main] INFO  com.ekart.base.BaseTest - PASS TC_LOGOUT_012: Session not restored by back button. Cookies clear: true
]]></system-out>
  </testcase>
  <testcase name="testFullLoginLogoutLoginCycle" classname="com.ekart.tests.LogoutTest" time="3.521">
    <failure message="Should be past /login after first login. URL: https://ekartms.netlify.app/login expected [false] but found [true]" type="java.lang.AssertionError"><![CDATA[java.lang.AssertionError: Should be past /login after first login. URL: https://ekartms.netlify.app/login expected [false] but found [true]
	at org.testng.Assert.fail(Assert.java:111)
	at org.testng.Assert.failNotEquals(Assert.java:1578)
	at org.testng.Assert.assertFalse(Assert.java:79)
	at com.ekart.tests.LogoutTest.testFullLoginLogoutLoginCycle(LogoutTest.java:341)
	at java.base/jdk.internal.reflect.DirectMethodHandleAccessor.invoke(DirectMethodHandleAccessor.java:104)
	at java.base/java.lang.reflect.Method.invoke(Method.java:565)
	at org.testng.internal.invokers.MethodInvocationHelper.invokeMethod(MethodInvocationHelper.java:139)
	at org.testng.internal.invokers.TestInvoker.invokeMethod(TestInvoker.java:664)
	at org.testng.internal.invokers.TestInvoker.invokeTestMethod(TestInvoker.java:228)
	at org.testng.internal.invokers.MethodRunner.runInSequence(MethodRunner.java:63)
	at org.testng.internal.invokers.TestInvoker$MethodInvocationAgent.invoke(TestInvoker.java:961)
	at org.testng.internal.invokers.TestInvoker.invokeTestMethods(TestInvoker.java:201)
	at org.testng.internal.invokers.TestMethodWorker.invokeTestMethods(TestMethodWorker.java:148)
	at org.testng.internal.invokers.TestMethodWorker.run(TestMethodWorker.java:128)
	at java.base/java.util.ArrayList.forEach(ArrayList.java:1604)
	at org.testng.TestRunner.privateRun(TestRunner.java:819)
	at org.testng.TestRunner.run(TestRunner.java:619)
	at org.testng.SuiteRunner.runTest(SuiteRunner.java:443)
	at org.testng.SuiteRunner.runSequentially(SuiteRunner.java:437)
	at org.testng.SuiteRunner.privateRun(SuiteRunner.java:397)
	at org.testng.SuiteRunner.run(SuiteRunner.java:336)
	at org.testng.SuiteRunnerWorker.runSuite(SuiteRunnerWorker.java:52)
	at org.testng.SuiteRunnerWorker.run(SuiteRunnerWorker.java:95)
	at org.testng.TestNG.runSuitesSequentially(TestNG.java:1301)
	at org.testng.TestNG.runSuitesLocally(TestNG.java:1228)
	at org.testng.TestNG.runSuites(TestNG.java:1134)
	at org.testng.TestNG.run(TestNG.java:1101)
	at org.apache.maven.surefire.testng.TestNGExecutor.run(TestNGExecutor.java:308)
	at org.apache.maven.surefire.testng.TestNGXmlTestSuite.execute(TestNGXmlTestSuite.java:71)
	at org.apache.maven.surefire.testng.TestNGProvider.invoke(TestNGProvider.java:113)
	at org.apache.maven.surefire.booter.ForkedBooter.runSuitesInProcess(ForkedBooter.java:385)
	at org.apache.maven.surefire.booter.ForkedBooter.execute(ForkedBooter.java:162)
	at org.apache.maven.surefire.booter.ForkedBooter.run(ForkedBooter.java:507)
	at org.apache.maven.surefire.booter.ForkedBooter.main(ForkedBooter.java:495)
]]></failure>
    <system-out><![CDATA[21:11:14 [main] INFO  com.ekart.pages.BasePage - Navigated to Login page
21:11:14 [main] INFO  com.ekart.pages.BasePage - Logging in as: user@ekart.com
21:11:17 [main] INFO  com.ekart.base.BaseTest - Setup login complete. URL: https://ekartms.netlify.app/login
]]></system-out>
  </testcase>
</testsuite>