<?xml version="1.0" encoding="UTF-8"?>
<testng-results ignored="0" total="20" passed="15" failed="5" skipped="0">
  <reporter-output>
  </reporter-output>
  <suite started-at="2026-06-25T08:16:10 IST" name="Default suite" finished-at="2026-06-25T08:18:17 IST" duration-ms="127980">
    <groups>
    </groups>
    <test started-at="2026-06-25T08:16:10 IST" name="Default test" finished-at="2026-06-25T08:18:17 IST" duration-ms="127980">
      <class name="com.ekart.tests.OrderSummaryTest">
        <test-method is-config="true" signature="setUp()[pri:0, instance:com.ekart.tests.OrderSummaryTest@55342f40]" started-at="2026-06-25T08:16:10 IST" name="setUp" finished-at="2026-06-25T08:16:15 IST" duration-ms="4997" status="PASS">
          <reporter-output>
          </reporter-output>
        </test-method> <!-- setUp -->
        <test-method is-config="true" signature="loginOnce()[pri:0, instance:com.ekart.tests.OrderSummaryTest@55342f40]" started-at="2026-06-25T08:16:15 IST" name="loginOnce" finished-at="2026-06-25T08:16:27 IST" depends-on-methods="com.ekart.base.BaseTest.setUp" duration-ms="12211" status="PASS">
          <reporter-output>
          </reporter-output>
        </test-method> <!-- loginOnce -->
        <test-method is-config="true" signature="setup()[pri:0, instance:com.ekart.tests.OrderSummaryTest@55342f40]" started-at="2026-06-25T08:16:27 IST" name="setup" finished-at="2026-06-25T08:16:28 IST" duration-ms="827" status="PASS">
          <reporter-output>
          </reporter-output>
        </test-method> <!-- setup -->
        <test-method signature="testOrderSummaryAllValuesVisible()[pri:1, instance:com.ekart.tests.OrderSummaryTest@55342f40]" started-at="2026-06-25T08:16:28 IST" name="testOrderSummaryAllValuesVisible" description="TC_SUM_001: Order Summary section visible with all 4 values" finished-at="2026-06-25T08:16:34 IST" duration-ms="6077" status="PASS">
          <reporter-output>
          </reporter-output>
        </test-method> <!-- testOrderSummaryAllValuesVisible -->
        <test-method is-config="true" signature="setup()[pri:0, instance:com.ekart.tests.OrderSummaryTest@55342f40]" started-at="2026-06-25T08:16:34 IST" name="setup" finished-at="2026-06-25T08:16:35 IST" duration-ms="1264" status="PASS">
          <reporter-output>
          </reporter-output>
        </test-method> <!-- setup -->
        <test-method signature="testSubtotalEqualsSumOfRows()[pri:2, instance:com.ekart.tests.OrderSummaryTest@55342f40]" started-at="2026-06-25T08:16:35 IST" name="testSubtotalEqualsSumOfRows" description="TC_SUM_002: Subtotal equals sum of all item row totals" finished-at="2026-06-25T08:16:51 IST" duration-ms="15988" status="PASS">
          <reporter-output>
          </reporter-output>
        </test-method> <!-- testSubtotalEqualsSumOfRows -->
        <test-method is-config="true" signature="setup()[pri:0, instance:com.ekart.tests.OrderSummaryTest@55342f40]" started-at="2026-06-25T08:16:51 IST" name="setup" finished-at="2026-06-25T08:16:52 IST" duration-ms="1290" status="PASS">
          <reporter-output>
          </reporter-output>
        </test-method> <!-- setup -->
        <test-method signature="testShippingRuleDataDriven(java.lang.String,java.lang.String,java.lang.String,int,double)[pri:3, instance:com.ekart.tests.OrderSummaryTest@55342f40]" started-at="2026-06-25T08:16:52 IST" name="testShippingRuleDataDriven" description="TC_SUM_003: [Data-Driven] Shipping = 0 when subtotal &gt; 500, else 40" data-provider="orderSummaryDataset" finished-at="2026-06-25T08:16:56 IST" duration-ms="3996" status="PASS">
          <params>
            <param index="0">
              <value>
                <![CDATA[DS_001]]>
              </value>
            </param>
            <param index="1">
              <value>
                <![CDATA[qty=1 subtotal=5525 → shipping=40]]>
              </value>
            </param>
            <param index="2">
              <value>
                <![CDATA[656a732e-9e66-496b-83c0-8991a7a987c0]]>
              </value>
            </param>
            <param index="3">
              <value>
                <![CDATA[1]]>
              </value>
            </param>
            <param index="4">
              <value>
                <![CDATA[40.0]]>
              </value>
            </param>
          </params>
          <reporter-output>
          </reporter-output>
        </test-method> <!-- testShippingRuleDataDriven -->
        <test-method is-config="true" signature="setup()[pri:0, instance:com.ekart.tests.OrderSummaryTest@55342f40]" started-at="2026-06-25T08:16:56 IST" name="setup" finished-at="2026-06-25T08:16:57 IST" duration-ms="692" status="PASS">
          <reporter-output>
          </reporter-output>
        </test-method> <!-- setup -->
        <test-method signature="testShippingRuleDataDriven(java.lang.String,java.lang.String,java.lang.String,int,double)[pri:3, instance:com.ekart.tests.OrderSummaryTest@55342f40]" started-at="2026-06-25T08:16:57 IST" name="testShippingRuleDataDriven" description="TC_SUM_003: [Data-Driven] Shipping = 0 when subtotal &gt; 500, else 40" data-provider="orderSummaryDataset" finished-at="2026-06-25T08:17:01 IST" duration-ms="3618" status="FAIL">
          <params>
            <param index="0">
              <value>
                <![CDATA[DS_002]]>
              </value>
            </param>
            <param index="1">
              <value>
                <![CDATA[qty=2 subtotal=11050 → FREE ship]]>
              </value>
            </param>
            <param index="2">
              <value>
                <![CDATA[656a732e-9e66-496b-83c0-8991a7a987c0]]>
              </value>
            </param>
            <param index="3">
              <value>
                <![CDATA[2]]>
              </value>
            </param>
            <param index="4">
              <value>
                <![CDATA[0.0]]>
              </value>
            </param>
          </params>
          <exception class="java.lang.AssertionError">
            <message>
              <![CDATA[[DS_002] qty=2 subtotal=11050 → FREE ship | subtotal=110.5 expected=0.0 actual=40.0 expected [0.0] but found [40.0]]]>
            </message>
            <full-stacktrace>
              <![CDATA[java.lang.AssertionError: [DS_002] qty=2 subtotal=11050 → FREE ship | subtotal=110.5 expected=0.0 actual=40.0 expected [0.0] but found [40.0]
at org.testng.Assert.fail(Assert.java:111)
at org.testng.Assert.failNotEquals(Assert.java:1578)
at org.testng.Assert.assertEquals(Assert.java:698)
at com.ekart.tests.OrderSummaryTest.testShippingRuleDataDriven(OrderSummaryTest.java:188)
at java.base/jdk.internal.reflect.DirectMethodHandleAccessor.invoke(DirectMethodHandleAccessor.java:103)
at java.base/java.lang.reflect.Method.invoke(Method.java:580)
at org.testng.internal.invokers.MethodInvocationHelper.invokeMethod(MethodInvocationHelper.java:139)
at org.testng.internal.invokers.TestInvoker.invokeMethod(TestInvoker.java:664)
at org.testng.internal.invokers.TestInvoker.invokeTestMethod(TestInvoker.java:228)
at org.testng.internal.invokers.MethodRunner.runInSequence(MethodRunner.java:63)
at org.testng.internal.invokers.TestInvoker$MethodInvocationAgent.invoke(TestInvoker.java:961)
at org.testng.internal.invokers.TestInvoker.invokeTestMethods(TestInvoker.java:201)
at org.testng.internal.invokers.TestMethodWorker.invokeTestMethods(TestMethodWorker.java:148)
at org.testng.internal.invokers.TestMethodWorker.run(TestMethodWorker.java:128)
at java.base/java.util.ArrayList.forEach(ArrayList.java:1596)
at org.testng.TestRunner.privateRun(TestRunner.java:819)
at org.testng.TestRunner.run(TestRunner.java:619)
at org.testng.SuiteRunner.runTest(SuiteRunner.java:443)
at org.testng.SuiteRunner.runSequentially(SuiteRunner.java:437)
at org.testng.SuiteRunner.privateRun(SuiteRunner.java:397)
at org.testng.SuiteRunner.run(SuiteRunner.java:336)
at org.testng.SuiteRunnerWorker.runSuite(SuiteRunnerWorker.java:52)
at org.testng.SuiteRunnerWorker.run(SuiteRunnerWorker.java:95)
at org.testng.TestNG.runSuitesSequentially(TestNG.java:1301)
at org.testng.TestNG.runSuitesLocally(TestNG.java:1228)
at org.testng.TestNG.runSuites(TestNG.java:1134)
at org.testng.TestNG.run(TestNG.java:1101)
at org.testng.remote.AbstractRemoteTestNG.run(AbstractRemoteTestNG.java:115)
at org.testng.remote.RemoteTestNG.initAndRun(RemoteTestNG.java:293)
at org.testng.remote.RemoteTestNG.main(RemoteTestNG.java:91)
]]>
            </full-stacktrace>
          </exception> <!-- java.lang.AssertionError -->
          <reporter-output>
          </reporter-output>
        </test-method> <!-- testShippingRuleDataDriven -->
        <test-method is-config="true" signature="setup()[pri:0, instance:com.ekart.tests.OrderSummaryTest@55342f40]" started-at="2026-06-25T08:17:01 IST" name="setup" finished-at="2026-06-25T08:17:01 IST" duration-ms="540" status="PASS">
          <reporter-output>
          </reporter-output>
        </test-method> <!-- setup -->
        <test-method signature="testShippingRuleDataDriven(java.lang.String,java.lang.String,java.lang.String,int,double)[pri:3, instance:com.ekart.tests.OrderSummaryTest@55342f40]" started-at="2026-06-25T08:17:01 IST" name="testShippingRuleDataDriven" description="TC_SUM_003: [Data-Driven] Shipping = 0 when subtotal &gt; 500, else 40" data-provider="orderSummaryDataset" finished-at="2026-06-25T08:17:05 IST" duration-ms="3934" status="FAIL">
          <params>
            <param index="0">
              <value>
                <![CDATA[DS_003]]>
              </value>
            </param>
            <param index="1">
              <value>
                <![CDATA[qty=3 subtotal=16575 → FREE ship]]>
              </value>
            </param>
            <param index="2">
              <value>
                <![CDATA[656a732e-9e66-496b-83c0-8991a7a987c0]]>
              </value>
            </param>
            <param index="3">
              <value>
                <![CDATA[3]]>
              </value>
            </param>
            <param index="4">
              <value>
                <![CDATA[0.0]]>
              </value>
            </param>
          </params>
          <exception class="java.lang.AssertionError">
            <message>
              <![CDATA[[DS_003] qty=3 subtotal=16575 → FREE ship | subtotal=165.75 expected=0.0 actual=40.0 expected [0.0] but found [40.0]]]>
            </message>
            <full-stacktrace>
              <![CDATA[java.lang.AssertionError: [DS_003] qty=3 subtotal=16575 → FREE ship | subtotal=165.75 expected=0.0 actual=40.0 expected [0.0] but found [40.0]
at org.testng.Assert.fail(Assert.java:111)
at org.testng.Assert.failNotEquals(Assert.java:1578)
at org.testng.Assert.assertEquals(Assert.java:698)
at com.ekart.tests.OrderSummaryTest.testShippingRuleDataDriven(OrderSummaryTest.java:188)
at java.base/jdk.internal.reflect.DirectMethodHandleAccessor.invoke(DirectMethodHandleAccessor.java:103)
at java.base/java.lang.reflect.Method.invoke(Method.java:580)
at org.testng.internal.invokers.MethodInvocationHelper.invokeMethod(MethodInvocationHelper.java:139)
at org.testng.internal.invokers.TestInvoker.invokeMethod(TestInvoker.java:664)
at org.testng.internal.invokers.TestInvoker.invokeTestMethod(TestInvoker.java:228)
at org.testng.internal.invokers.MethodRunner.runInSequence(MethodRunner.java:63)
at org.testng.internal.invokers.TestInvoker$MethodInvocationAgent.invoke(TestInvoker.java:961)
at org.testng.internal.invokers.TestInvoker.invokeTestMethods(TestInvoker.java:201)
at org.testng.internal.invokers.TestMethodWorker.invokeTestMethods(TestMethodWorker.java:148)
at org.testng.internal.invokers.TestMethodWorker.run(TestMethodWorker.java:128)
at java.base/java.util.ArrayList.forEach(ArrayList.java:1596)
at org.testng.TestRunner.privateRun(TestRunner.java:819)
at org.testng.TestRunner.run(TestRunner.java:619)
at org.testng.SuiteRunner.runTest(SuiteRunner.java:443)
at org.testng.SuiteRunner.runSequentially(SuiteRunner.java:437)
at org.testng.SuiteRunner.privateRun(SuiteRunner.java:397)
at org.testng.SuiteRunner.run(SuiteRunner.java:336)
at org.testng.SuiteRunnerWorker.runSuite(SuiteRunnerWorker.java:52)
at org.testng.SuiteRunnerWorker.run(SuiteRunnerWorker.java:95)
at org.testng.TestNG.runSuitesSequentially(TestNG.java:1301)
at org.testng.TestNG.runSuitesLocally(TestNG.java:1228)
at org.testng.TestNG.runSuites(TestNG.java:1134)
at org.testng.TestNG.run(TestNG.java:1101)
at org.testng.remote.AbstractRemoteTestNG.run(AbstractRemoteTestNG.java:115)
at org.testng.remote.RemoteTestNG.initAndRun(RemoteTestNG.java:293)
at org.testng.remote.RemoteTestNG.main(RemoteTestNG.java:91)
]]>
            </full-stacktrace>
          </exception> <!-- java.lang.AssertionError -->
          <reporter-output>
          </reporter-output>
        </test-method> <!-- testShippingRuleDataDriven -->
        <test-method is-config="true" signature="setup()[pri:0, instance:com.ekart.tests.OrderSummaryTest@55342f40]" started-at="2026-06-25T08:17:05 IST" name="setup" finished-at="2026-06-25T08:17:06 IST" duration-ms="967" status="PASS">
          <reporter-output>
          </reporter-output>
        </test-method> <!-- setup -->
        <test-method signature="testShippingRuleDataDriven(java.lang.String,java.lang.String,java.lang.String,int,double)[pri:3, instance:com.ekart.tests.OrderSummaryTest@55342f40]" started-at="2026-06-25T08:17:06 IST" name="testShippingRuleDataDriven" description="TC_SUM_003: [Data-Driven] Shipping = 0 when subtotal &gt; 500, else 40" data-provider="orderSummaryDataset" finished-at="2026-06-25T08:17:10 IST" duration-ms="4115" status="FAIL">
          <params>
            <param index="0">
              <value>
                <![CDATA[DS_004]]>
              </value>
            </param>
            <param index="1">
              <value>
                <![CDATA[qty=5 subtotal=27625 → FREE ship]]>
              </value>
            </param>
            <param index="2">
              <value>
                <![CDATA[656a732e-9e66-496b-83c0-8991a7a987c0]]>
              </value>
            </param>
            <param index="3">
              <value>
                <![CDATA[5]]>
              </value>
            </param>
            <param index="4">
              <value>
                <![CDATA[0.0]]>
              </value>
            </param>
          </params>
          <exception class="java.lang.AssertionError">
            <message>
              <![CDATA[[DS_004] qty=5 subtotal=27625 → FREE ship | subtotal=276.25 expected=0.0 actual=40.0 expected [0.0] but found [40.0]]]>
            </message>
            <full-stacktrace>
              <![CDATA[java.lang.AssertionError: [DS_004] qty=5 subtotal=27625 → FREE ship | subtotal=276.25 expected=0.0 actual=40.0 expected [0.0] but found [40.0]
at org.testng.Assert.fail(Assert.java:111)
at org.testng.Assert.failNotEquals(Assert.java:1578)
at org.testng.Assert.assertEquals(Assert.java:698)
at com.ekart.tests.OrderSummaryTest.testShippingRuleDataDriven(OrderSummaryTest.java:188)
at java.base/jdk.internal.reflect.DirectMethodHandleAccessor.invoke(DirectMethodHandleAccessor.java:103)
at java.base/java.lang.reflect.Method.invoke(Method.java:580)
at org.testng.internal.invokers.MethodInvocationHelper.invokeMethod(MethodInvocationHelper.java:139)
at org.testng.internal.invokers.TestInvoker.invokeMethod(TestInvoker.java:664)
at org.testng.internal.invokers.TestInvoker.invokeTestMethod(TestInvoker.java:228)
at org.testng.internal.invokers.MethodRunner.runInSequence(MethodRunner.java:63)
at org.testng.internal.invokers.TestInvoker$MethodInvocationAgent.invoke(TestInvoker.java:961)
at org.testng.internal.invokers.TestInvoker.invokeTestMethods(TestInvoker.java:201)
at org.testng.internal.invokers.TestMethodWorker.invokeTestMethods(TestMethodWorker.java:148)
at org.testng.internal.invokers.TestMethodWorker.run(TestMethodWorker.java:128)
at java.base/java.util.ArrayList.forEach(ArrayList.java:1596)
at org.testng.TestRunner.privateRun(TestRunner.java:819)
at org.testng.TestRunner.run(TestRunner.java:619)
at org.testng.SuiteRunner.runTest(SuiteRunner.java:443)
at org.testng.SuiteRunner.runSequentially(SuiteRunner.java:437)
at org.testng.SuiteRunner.privateRun(SuiteRunner.java:397)
at org.testng.SuiteRunner.run(SuiteRunner.java:336)
at org.testng.SuiteRunnerWorker.runSuite(SuiteRunnerWorker.java:52)
at org.testng.SuiteRunnerWorker.run(SuiteRunnerWorker.java:95)
at org.testng.TestNG.runSuitesSequentially(TestNG.java:1301)
at org.testng.TestNG.runSuitesLocally(TestNG.java:1228)
at org.testng.TestNG.runSuites(TestNG.java:1134)
at org.testng.TestNG.run(TestNG.java:1101)
at org.testng.remote.AbstractRemoteTestNG.run(AbstractRemoteTestNG.java:115)
at org.testng.remote.RemoteTestNG.initAndRun(RemoteTestNG.java:293)
at org.testng.remote.RemoteTestNG.main(RemoteTestNG.java:91)
]]>
            </full-stacktrace>
          </exception> <!-- java.lang.AssertionError -->
          <reporter-output>
          </reporter-output>
        </test-method> <!-- testShippingRuleDataDriven -->
        <test-method is-config="true" signature="setup()[pri:0, instance:com.ekart.tests.OrderSummaryTest@55342f40]" started-at="2026-06-25T08:17:10 IST" name="setup" finished-at="2026-06-25T08:17:11 IST" duration-ms="414" status="PASS">
          <reporter-output>
          </reporter-output>
        </test-method> <!-- setup -->
        <test-method signature="testShippingRuleDataDriven(java.lang.String,java.lang.String,java.lang.String,int,double)[pri:3, instance:com.ekart.tests.OrderSummaryTest@55342f40]" started-at="2026-06-25T08:17:11 IST" name="testShippingRuleDataDriven" description="TC_SUM_003: [Data-Driven] Shipping = 0 when subtotal &gt; 500, else 40" data-provider="orderSummaryDataset" finished-at="2026-06-25T08:17:16 IST" duration-ms="4978" status="PASS">
          <params>
            <param index="0">
              <value>
                <![CDATA[DS_005]]>
              </value>
            </param>
            <param index="1">
              <value>
                <![CDATA[qty=10 subtotal=55250 → FREE ship]]>
              </value>
            </param>
            <param index="2">
              <value>
                <![CDATA[656a732e-9e66-496b-83c0-8991a7a987c0]]>
              </value>
            </param>
            <param index="3">
              <value>
                <![CDATA[10]]>
              </value>
            </param>
            <param index="4">
              <value>
                <![CDATA[0.0]]>
              </value>
            </param>
          </params>
          <reporter-output>
          </reporter-output>
        </test-method> <!-- testShippingRuleDataDriven -->
        <test-method is-config="true" signature="setup()[pri:0, instance:com.ekart.tests.OrderSummaryTest@55342f40]" started-at="2026-06-25T08:17:16 IST" name="setup" finished-at="2026-06-25T08:17:16 IST" duration-ms="559" status="PASS">
          <reporter-output>
          </reporter-output>
        </test-method> <!-- setup -->
        <test-method signature="testTaxCalculationDataDriven(java.lang.String,java.lang.String,java.lang.String,int,double)[pri:4, instance:com.ekart.tests.OrderSummaryTest@55342f40]" started-at="2026-06-25T08:17:16 IST" name="testTaxCalculationDataDriven" description="TC_SUM_004: [Data-Driven] Tax = Math.round(subtotal x 0.18)" data-provider="orderSummaryDataset" finished-at="2026-06-25T08:17:20 IST" duration-ms="3802" status="PASS">
          <params>
            <param index="0">
              <value>
                <![CDATA[DS_001]]>
              </value>
            </param>
            <param index="1">
              <value>
                <![CDATA[qty=1 subtotal=5525 → shipping=40]]>
              </value>
            </param>
            <param index="2">
              <value>
                <![CDATA[656a732e-9e66-496b-83c0-8991a7a987c0]]>
              </value>
            </param>
            <param index="3">
              <value>
                <![CDATA[1]]>
              </value>
            </param>
            <param index="4">
              <value>
                <![CDATA[40.0]]>
              </value>
            </param>
          </params>
          <reporter-output>
          </reporter-output>
        </test-method> <!-- testTaxCalculationDataDriven -->
        <test-method is-config="true" signature="setup()[pri:0, instance:com.ekart.tests.OrderSummaryTest@55342f40]" started-at="2026-06-25T08:17:20 IST" name="setup" finished-at="2026-06-25T08:17:20 IST" duration-ms="483" status="PASS">
          <reporter-output>
          </reporter-output>
        </test-method> <!-- setup -->
        <test-method signature="testTaxCalculationDataDriven(java.lang.String,java.lang.String,java.lang.String,int,double)[pri:4, instance:com.ekart.tests.OrderSummaryTest@55342f40]" started-at="2026-06-25T08:17:20 IST" name="testTaxCalculationDataDriven" description="TC_SUM_004: [Data-Driven] Tax = Math.round(subtotal x 0.18)" data-provider="orderSummaryDataset" finished-at="2026-06-25T08:17:24 IST" duration-ms="3565" status="PASS">
          <params>
            <param index="0">
              <value>
                <![CDATA[DS_002]]>
              </value>
            </param>
            <param index="1">
              <value>
                <![CDATA[qty=2 subtotal=11050 → FREE ship]]>
              </value>
            </param>
            <param index="2">
              <value>
                <![CDATA[656a732e-9e66-496b-83c0-8991a7a987c0]]>
              </value>
            </param>
            <param index="3">
              <value>
                <![CDATA[2]]>
              </value>
            </param>
            <param index="4">
              <value>
                <![CDATA[0.0]]>
              </value>
            </param>
          </params>
          <reporter-output>
          </reporter-output>
        </test-method> <!-- testTaxCalculationDataDriven -->
        <test-method is-config="true" signature="setup()[pri:0, instance:com.ekart.tests.OrderSummaryTest@55342f40]" started-at="2026-06-25T08:17:24 IST" name="setup" finished-at="2026-06-25T08:17:25 IST" duration-ms="521" status="PASS">
          <reporter-output>
          </reporter-output>
        </test-method> <!-- setup -->
        <test-method signature="testTaxCalculationDataDriven(java.lang.String,java.lang.String,java.lang.String,int,double)[pri:4, instance:com.ekart.tests.OrderSummaryTest@55342f40]" started-at="2026-06-25T08:17:25 IST" name="testTaxCalculationDataDriven" description="TC_SUM_004: [Data-Driven] Tax = Math.round(subtotal x 0.18)" data-provider="orderSummaryDataset" finished-at="2026-06-25T08:17:29 IST" duration-ms="4003" status="PASS">
          <params>
            <param index="0">
              <value>
                <![CDATA[DS_003]]>
              </value>
            </param>
            <param index="1">
              <value>
                <![CDATA[qty=3 subtotal=16575 → FREE ship]]>
              </value>
            </param>
            <param index="2">
              <value>
                <![CDATA[656a732e-9e66-496b-83c0-8991a7a987c0]]>
              </value>
            </param>
            <param index="3">
              <value>
                <![CDATA[3]]>
              </value>
            </param>
            <param index="4">
              <value>
                <![CDATA[0.0]]>
              </value>
            </param>
          </params>
          <reporter-output>
          </reporter-output>
        </test-method> <!-- testTaxCalculationDataDriven -->
        <test-method is-config="true" signature="setup()[pri:0, instance:com.ekart.tests.OrderSummaryTest@55342f40]" started-at="2026-06-25T08:17:29 IST" name="setup" finished-at="2026-06-25T08:17:29 IST" duration-ms="484" status="PASS">
          <reporter-output>
          </reporter-output>
        </test-method> <!-- setup -->
        <test-method signature="testTaxCalculationDataDriven(java.lang.String,java.lang.String,java.lang.String,int,double)[pri:4, instance:com.ekart.tests.OrderSummaryTest@55342f40]" started-at="2026-06-25T08:17:29 IST" name="testTaxCalculationDataDriven" description="TC_SUM_004: [Data-Driven] Tax = Math.round(subtotal x 0.18)" data-provider="orderSummaryDataset" finished-at="2026-06-25T08:17:33 IST" duration-ms="3857" status="PASS">
          <params>
            <param index="0">
              <value>
                <![CDATA[DS_004]]>
              </value>
            </param>
            <param index="1">
              <value>
                <![CDATA[qty=5 subtotal=27625 → FREE ship]]>
              </value>
            </param>
            <param index="2">
              <value>
                <![CDATA[656a732e-9e66-496b-83c0-8991a7a987c0]]>
              </value>
            </param>
            <param index="3">
              <value>
                <![CDATA[5]]>
              </value>
            </param>
            <param index="4">
              <value>
                <![CDATA[0.0]]>
              </value>
            </param>
          </params>
          <reporter-output>
          </reporter-output>
        </test-method> <!-- testTaxCalculationDataDriven -->
        <test-method is-config="true" signature="setup()[pri:0, instance:com.ekart.tests.OrderSummaryTest@55342f40]" started-at="2026-06-25T08:17:33 IST" name="setup" finished-at="2026-06-25T08:17:33 IST" duration-ms="555" status="PASS">
          <reporter-output>
          </reporter-output>
        </test-method> <!-- setup -->
        <test-method signature="testTaxCalculationDataDriven(java.lang.String,java.lang.String,java.lang.String,int,double)[pri:4, instance:com.ekart.tests.OrderSummaryTest@55342f40]" started-at="2026-06-25T08:17:33 IST" name="testTaxCalculationDataDriven" description="TC_SUM_004: [Data-Driven] Tax = Math.round(subtotal x 0.18)" data-provider="orderSummaryDataset" finished-at="2026-06-25T08:17:39 IST" duration-ms="5073" status="PASS">
          <params>
            <param index="0">
              <value>
                <![CDATA[DS_005]]>
              </value>
            </param>
            <param index="1">
              <value>
                <![CDATA[qty=10 subtotal=55250 → FREE ship]]>
              </value>
            </param>
            <param index="2">
              <value>
                <![CDATA[656a732e-9e66-496b-83c0-8991a7a987c0]]>
              </value>
            </param>
            <param index="3">
              <value>
                <![CDATA[10]]>
              </value>
            </param>
            <param index="4">
              <value>
                <![CDATA[0.0]]>
              </value>
            </param>
          </params>
          <reporter-output>
          </reporter-output>
        </test-method> <!-- testTaxCalculationDataDriven -->
        <test-method is-config="true" signature="setup()[pri:0, instance:com.ekart.tests.OrderSummaryTest@55342f40]" started-at="2026-06-25T08:17:39 IST" name="setup" finished-at="2026-06-25T08:17:39 IST" duration-ms="468" status="PASS">
          <reporter-output>
          </reporter-output>
        </test-method> <!-- setup -->
        <test-method signature="testFreeShippingNudge()[pri:5, instance:com.ekart.tests.OrderSummaryTest@55342f40]" started-at="2026-06-25T08:17:39 IST" name="testFreeShippingNudge" description="TC_SUM_005: Free shipping nudge absent when subtotal &gt; 500" finished-at="2026-06-25T08:17:43 IST" duration-ms="4042" status="PASS">
          <reporter-output>
          </reporter-output>
        </test-method> <!-- testFreeShippingNudge -->
        <test-method is-config="true" signature="setup()[pri:0, instance:com.ekart.tests.OrderSummaryTest@55342f40]" started-at="2026-06-25T08:17:43 IST" name="setup" finished-at="2026-06-25T08:17:44 IST" duration-ms="531" status="PASS">
          <reporter-output>
          </reporter-output>
        </test-method> <!-- setup -->
        <test-method signature="testTotalFormulaDataDriven(java.lang.String,java.lang.String,java.lang.String,int)[pri:6, instance:com.ekart.tests.OrderSummaryTest@55342f40]" started-at="2026-06-25T08:17:44 IST" name="testTotalFormulaDataDriven" description="TC_TOT_001: [Data-Driven] Total = subtotal + shipping + tax" data-provider="totalCalculationDataset" finished-at="2026-06-25T08:17:47 IST" duration-ms="3568" status="PASS">
          <params>
            <param index="0">
              <value>
                <![CDATA[TC_001]]>
              </value>
            </param>
            <param index="1">
              <value>
                <![CDATA[qty=1  total=subtotal+40+tax]]>
              </value>
            </param>
            <param index="2">
              <value>
                <![CDATA[656a732e-9e66-496b-83c0-8991a7a987c0]]>
              </value>
            </param>
            <param index="3">
              <value>
                <![CDATA[1]]>
              </value>
            </param>
          </params>
          <reporter-output>
          </reporter-output>
        </test-method> <!-- testTotalFormulaDataDriven -->
        <test-method is-config="true" signature="setup()[pri:0, instance:com.ekart.tests.OrderSummaryTest@55342f40]" started-at="2026-06-25T08:17:47 IST" name="setup" finished-at="2026-06-25T08:17:48 IST" duration-ms="1000" status="PASS">
          <reporter-output>
          </reporter-output>
        </test-method> <!-- setup -->
        <test-method signature="testTotalFormulaDataDriven(java.lang.String,java.lang.String,java.lang.String,int)[pri:6, instance:com.ekart.tests.OrderSummaryTest@55342f40]" started-at="2026-06-25T08:17:48 IST" name="testTotalFormulaDataDriven" description="TC_TOT_001: [Data-Driven] Total = subtotal + shipping + tax" data-provider="totalCalculationDataset" finished-at="2026-06-25T08:17:52 IST" duration-ms="4016" status="PASS">
          <params>
            <param index="0">
              <value>
                <![CDATA[TC_002]]>
              </value>
            </param>
            <param index="1">
              <value>
                <![CDATA[qty=2  total=subtotal+0+tax]]>
              </value>
            </param>
            <param index="2">
              <value>
                <![CDATA[656a732e-9e66-496b-83c0-8991a7a987c0]]>
              </value>
            </param>
            <param index="3">
              <value>
                <![CDATA[2]]>
              </value>
            </param>
          </params>
          <reporter-output>
          </reporter-output>
        </test-method> <!-- testTotalFormulaDataDriven -->
        <test-method is-config="true" signature="setup()[pri:0, instance:com.ekart.tests.OrderSummaryTest@55342f40]" started-at="2026-06-25T08:17:52 IST" name="setup" finished-at="2026-06-25T08:17:53 IST" duration-ms="382" status="PASS">
          <reporter-output>
          </reporter-output>
        </test-method> <!-- setup -->
        <test-method signature="testTotalFormulaDataDriven(java.lang.String,java.lang.String,java.lang.String,int)[pri:6, instance:com.ekart.tests.OrderSummaryTest@55342f40]" started-at="2026-06-25T08:17:53 IST" name="testTotalFormulaDataDriven" description="TC_TOT_001: [Data-Driven] Total = subtotal + shipping + tax" data-provider="totalCalculationDataset" finished-at="2026-06-25T08:17:57 IST" duration-ms="4150" status="PASS">
          <params>
            <param index="0">
              <value>
                <![CDATA[TC_003]]>
              </value>
            </param>
            <param index="1">
              <value>
                <![CDATA[qty=5  total=subtotal+0+tax]]>
              </value>
            </param>
            <param index="2">
              <value>
                <![CDATA[656a732e-9e66-496b-83c0-8991a7a987c0]]>
              </value>
            </param>
            <param index="3">
              <value>
                <![CDATA[5]]>
              </value>
            </param>
          </params>
          <reporter-output>
          </reporter-output>
        </test-method> <!-- testTotalFormulaDataDriven -->
        <test-method is-config="true" signature="setup()[pri:0, instance:com.ekart.tests.OrderSummaryTest@55342f40]" started-at="2026-06-25T08:17:57 IST" name="setup" finished-at="2026-06-25T08:17:57 IST" duration-ms="372" status="PASS">
          <reporter-output>
          </reporter-output>
        </test-method> <!-- setup -->
        <test-method signature="testTotalFormulaDataDriven(java.lang.String,java.lang.String,java.lang.String,int)[pri:6, instance:com.ekart.tests.OrderSummaryTest@55342f40]" started-at="2026-06-25T08:17:57 IST" name="testTotalFormulaDataDriven" description="TC_TOT_001: [Data-Driven] Total = subtotal + shipping + tax" data-provider="totalCalculationDataset" finished-at="2026-06-25T08:18:02 IST" duration-ms="5337" status="PASS">
          <params>
            <param index="0">
              <value>
                <![CDATA[TC_004]]>
              </value>
            </param>
            <param index="1">
              <value>
                <![CDATA[qty=10 total=subtotal+0+tax]]>
              </value>
            </param>
            <param index="2">
              <value>
                <![CDATA[656a732e-9e66-496b-83c0-8991a7a987c0]]>
              </value>
            </param>
            <param index="3">
              <value>
                <![CDATA[10]]>
              </value>
            </param>
          </params>
          <reporter-output>
          </reporter-output>
        </test-method> <!-- testTotalFormulaDataDriven -->
        <test-method is-config="true" signature="setup()[pri:0, instance:com.ekart.tests.OrderSummaryTest@55342f40]" started-at="2026-06-25T08:18:02 IST" name="setup" finished-at="2026-06-25T08:18:03 IST" duration-ms="488" status="PASS">
          <reporter-output>
          </reporter-output>
        </test-method> <!-- setup -->
        <test-method signature="testTotalRecalculatesAfterQtyChange()[pri:7, instance:com.ekart.tests.OrderSummaryTest@55342f40]" started-at="2026-06-25T08:18:03 IST" name="testTotalRecalculatesAfterQtyChange" description="TC_TOT_002: Total recalculates correctly after quantity change" finished-at="2026-06-25T08:18:07 IST" duration-ms="4229" status="PASS">
          <reporter-output>
          </reporter-output>
        </test-method> <!-- testTotalRecalculatesAfterQtyChange -->
        <test-method is-config="true" signature="setup()[pri:0, instance:com.ekart.tests.OrderSummaryTest@55342f40]" started-at="2026-06-25T08:18:07 IST" name="setup" finished-at="2026-06-25T08:18:08 IST" duration-ms="488" status="PASS">
          <reporter-output>
          </reporter-output>
        </test-method> <!-- setup -->
        <test-method signature="testSummaryAtThreshold(java.lang.String,java.lang.String,java.lang.String,int,boolean)[pri:8, instance:com.ekart.tests.OrderSummaryTest@55342f40]" started-at="2026-06-25T08:18:08 IST" name="testSummaryAtThreshold" description="TC_TOT_003: [Data-Driven] Summary consistent at shipping threshold" data-provider="shippingThresholdDataset" finished-at="2026-06-25T08:18:12 IST" duration-ms="3921" status="FAIL">
          <params>
            <param index="0">
              <value>
                <![CDATA[ST_001]]>
              </value>
            </param>
            <param index="1">
              <value>
                <![CDATA[subtotal=5525 > 500 → FREE shipping]]>
              </value>
            </param>
            <param index="2">
              <value>
                <![CDATA[656a732e-9e66-496b-83c0-8991a7a987c0]]>
              </value>
            </param>
            <param index="3">
              <value>
                <![CDATA[1]]>
              </value>
            </param>
            <param index="4">
              <value>
                <![CDATA[true]]>
              </value>
            </param>
          </params>
          <exception class="java.lang.AssertionError">
            <message>
              <![CDATA[[ST_001] subtotal=55.25 expectAbove500=true expected [true] but found [false]]]>
            </message>
            <full-stacktrace>
              <![CDATA[java.lang.AssertionError: [ST_001] subtotal=55.25 expectAbove500=true expected [true] but found [false]
at org.testng.Assert.fail(Assert.java:111)
at org.testng.Assert.failNotEquals(Assert.java:1578)
at org.testng.Assert.assertEqualsImpl(Assert.java:150)
at org.testng.Assert.assertEquals(Assert.java:132)
at org.testng.Assert.assertEquals(Assert.java:1067)
at org.testng.Assert.assertEquals(Assert.java:1031)
at com.ekart.tests.OrderSummaryTest.testSummaryAtThreshold(OrderSummaryTest.java:321)
at java.base/jdk.internal.reflect.DirectMethodHandleAccessor.invoke(DirectMethodHandleAccessor.java:103)
at java.base/java.lang.reflect.Method.invoke(Method.java:580)
at org.testng.internal.invokers.MethodInvocationHelper.invokeMethod(MethodInvocationHelper.java:139)
at org.testng.internal.invokers.TestInvoker.invokeMethod(TestInvoker.java:664)
at org.testng.internal.invokers.TestInvoker.invokeTestMethod(TestInvoker.java:228)
at org.testng.internal.invokers.MethodRunner.runInSequence(MethodRunner.java:63)
at org.testng.internal.invokers.TestInvoker$MethodInvocationAgent.invoke(TestInvoker.java:961)
at org.testng.internal.invokers.TestInvoker.invokeTestMethods(TestInvoker.java:201)
at org.testng.internal.invokers.TestMethodWorker.invokeTestMethods(TestMethodWorker.java:148)
at org.testng.internal.invokers.TestMethodWorker.run(TestMethodWorker.java:128)
at java.base/java.util.ArrayList.forEach(ArrayList.java:1596)
at org.testng.TestRunner.privateRun(TestRunner.java:819)
at org.testng.TestRunner.run(TestRunner.java:619)
at org.testng.SuiteRunner.runTest(SuiteRunner.java:443)
at org.testng.SuiteRunner.runSequentially(SuiteRunner.java:437)
at org.testng.SuiteRunner.privateRun(SuiteRunner.java:397)
at org.testng.SuiteRunner.run(SuiteRunner.java:336)
at org.testng.SuiteRunnerWorker.runSuite(SuiteRunnerWorker.java:52)
at org.testng.SuiteRunnerWorker.run(SuiteRunnerWorker.java:95)
at org.testng.TestNG.runSuitesSequentially(TestNG.java:1301)
at org.testng.TestNG.runSuitesLocally(TestNG.java:1228)
at org.testng.TestNG.runSuites(TestNG.java:1134)
at org.testng.TestNG.run(TestNG.java:1101)
at org.testng.remote.AbstractRemoteTestNG.run(AbstractRemoteTestNG.java:115)
at org.testng.remote.RemoteTestNG.initAndRun(RemoteTestNG.java:293)
at org.testng.remote.RemoteTestNG.main(RemoteTestNG.java:91)
]]>
            </full-stacktrace>
          </exception> <!-- java.lang.AssertionError -->
          <reporter-output>
          </reporter-output>
        </test-method> <!-- testSummaryAtThreshold -->
        <test-method is-config="true" signature="setup()[pri:0, instance:com.ekart.tests.OrderSummaryTest@55342f40]" started-at="2026-06-25T08:18:12 IST" name="setup" finished-at="2026-06-25T08:18:12 IST" duration-ms="572" status="PASS">
          <reporter-output>
          </reporter-output>
        </test-method> <!-- setup -->
        <test-method signature="testSummaryAtThreshold(java.lang.String,java.lang.String,java.lang.String,int,boolean)[pri:8, instance:com.ekart.tests.OrderSummaryTest@55342f40]" started-at="2026-06-25T08:18:12 IST" name="testSummaryAtThreshold" description="TC_TOT_003: [Data-Driven] Summary consistent at shipping threshold" data-provider="shippingThresholdDataset" finished-at="2026-06-25T08:18:16 IST" duration-ms="4033" status="FAIL">
          <params>
            <param index="0">
              <value>
                <![CDATA[ST_002]]>
              </value>
            </param>
            <param index="1">
              <value>
                <![CDATA[subtotal=11050 > 500 → FREE]]>
              </value>
            </param>
            <param index="2">
              <value>
                <![CDATA[656a732e-9e66-496b-83c0-8991a7a987c0]]>
              </value>
            </param>
            <param index="3">
              <value>
                <![CDATA[2]]>
              </value>
            </param>
            <param index="4">
              <value>
                <![CDATA[true]]>
              </value>
            </param>
          </params>
          <exception class="java.lang.AssertionError">
            <message>
              <![CDATA[[ST_002] subtotal=110.5 expectAbove500=true expected [true] but found [false]]]>
            </message>
            <full-stacktrace>
              <![CDATA[java.lang.AssertionError: [ST_002] subtotal=110.5 expectAbove500=true expected [true] but found [false]
at org.testng.Assert.fail(Assert.java:111)
at org.testng.Assert.failNotEquals(Assert.java:1578)
at org.testng.Assert.assertEqualsImpl(Assert.java:150)
at org.testng.Assert.assertEquals(Assert.java:132)
at org.testng.Assert.assertEquals(Assert.java:1067)
at org.testng.Assert.assertEquals(Assert.java:1031)
at com.ekart.tests.OrderSummaryTest.testSummaryAtThreshold(OrderSummaryTest.java:321)
at java.base/jdk.internal.reflect.DirectMethodHandleAccessor.invoke(DirectMethodHandleAccessor.java:103)
at java.base/java.lang.reflect.Method.invoke(Method.java:580)
at org.testng.internal.invokers.MethodInvocationHelper.invokeMethod(MethodInvocationHelper.java:139)
at org.testng.internal.invokers.TestInvoker.invokeMethod(TestInvoker.java:664)
at org.testng.internal.invokers.TestInvoker.invokeTestMethod(TestInvoker.java:228)
at org.testng.internal.invokers.MethodRunner.runInSequence(MethodRunner.java:63)
at org.testng.internal.invokers.TestInvoker$MethodInvocationAgent.invoke(TestInvoker.java:961)
at org.testng.internal.invokers.TestInvoker.invokeTestMethods(TestInvoker.java:201)
at org.testng.internal.invokers.TestMethodWorker.invokeTestMethods(TestMethodWorker.java:148)
at org.testng.internal.invokers.TestMethodWorker.run(TestMethodWorker.java:128)
at java.base/java.util.ArrayList.forEach(ArrayList.java:1596)
at org.testng.TestRunner.privateRun(TestRunner.java:819)
at org.testng.TestRunner.run(TestRunner.java:619)
at org.testng.SuiteRunner.runTest(SuiteRunner.java:443)
at org.testng.SuiteRunner.runSequentially(SuiteRunner.java:437)
at org.testng.SuiteRunner.privateRun(SuiteRunner.java:397)
at org.testng.SuiteRunner.run(SuiteRunner.java:336)
at org.testng.SuiteRunnerWorker.runSuite(SuiteRunnerWorker.java:52)
at org.testng.SuiteRunnerWorker.run(SuiteRunnerWorker.java:95)
at org.testng.TestNG.runSuitesSequentially(TestNG.java:1301)
at org.testng.TestNG.runSuitesLocally(TestNG.java:1228)
at org.testng.TestNG.runSuites(TestNG.java:1134)
at org.testng.TestNG.run(TestNG.java:1101)
at org.testng.remote.AbstractRemoteTestNG.run(AbstractRemoteTestNG.java:115)
at org.testng.remote.RemoteTestNG.initAndRun(RemoteTestNG.java:293)
at org.testng.remote.RemoteTestNG.main(RemoteTestNG.java:91)
]]>
            </full-stacktrace>
          </exception> <!-- java.lang.AssertionError -->
          <reporter-output>
          </reporter-output>
        </test-method> <!-- testSummaryAtThreshold -->
        <test-method is-config="true" signature="tearDown()[pri:0, instance:com.ekart.tests.OrderSummaryTest@55342f40]" started-at="2026-06-25T08:18:16 IST" name="tearDown" finished-at="2026-06-25T08:18:17 IST" duration-ms="1202" status="PASS">
          <reporter-output>
          </reporter-output>
        </test-method> <!-- tearDown -->
      </class> <!-- com.ekart.tests.OrderSummaryTest -->
    </test> <!-- Default test -->
  </suite> <!-- Default suite -->
</testng-results>
