<?xml version="1.0" encoding="UTF-8"?>
<!-- Generated by org.testng.reporters.JUnitReportReporter -->
<testsuite hostname="ASUS" failures="1" tests="25" name="com.ekart.tests.SearchFilterTest" time="54.024" errors="1" timestamp="2026-06-15T01:41:07 IST" skipped="23">
  <testcase classname="com.ekart.tests.SearchFilterTest" name="setup" time="29.454">
    <error message="timeout: Timed out receiving message from renderer: -0.016
  (Session info: chrome=149.0.7827.54)
Build info: version: &#039;4.18.1&#039;, revision: &#039;b1d3319b48&#039;
System info: os.name: &#039;Windows 11&#039;, os.arch: &#039;amd64&#039;, os.version: &#039;10.0&#039;, java.version: &#039;21.0.11&#039;
Driver info: org.openqa.selenium.chrome.ChromeDriver
Command: [1d34036440d19275652292ce10c44988, get {url=https://ekartms.netlify.app}]
Capabilities {acceptInsecureCerts: false, browserName: chrome, browserVersion: 149.0.7827.54, chrome: {chromedriverVersion: 149.0.7827.115 (daf70f9ddee..., userDataDir: C:\Users\aashu\AppData\Loca...}, fedcm:accounts: true, goog:chromeOptions: {debuggerAddress: localhost:60032}, goog:processID: 14572, networkConnectionEnabled: false, pageLoadStrategy: normal, platformName: windows, proxy: Proxy(), se:cdp: ws://localhost:60032/devtoo..., se:cdpVersion: 149.0.7827.54, setWindowRect: true, strictFileInteractability: false, timeouts: {implicit: 0, pageLoad: 300000, script: 30000}, unhandledPromptBehavior: dismiss and notify, webauthn:extension:credBlob: true, webauthn:extension:largeBlob: true, webauthn:extension:minPinLength: true, webauthn:extension:prf: true, webauthn:virtualAuthenticators: true}
Session ID: 1d34036440d19275652292ce10c44988" type="org.openqa.selenium.TimeoutException">
      <![CDATA[org.openqa.selenium.TimeoutException: timeout: Timed out receiving message from renderer: -0.016
  (Session info: chrome=149.0.7827.54)
Build info: version: '4.18.1', revision: 'b1d3319b48'
System info: os.name: 'Windows 11', os.arch: 'amd64', os.version: '10.0', java.version: '21.0.11'
Driver info: org.openqa.selenium.chrome.ChromeDriver
Command: [1d34036440d19275652292ce10c44988, get {url=https://ekartms.netlify.app}]
Capabilities {acceptInsecureCerts: false, browserName: chrome, browserVersion: 149.0.7827.54, chrome: {chromedriverVersion: 149.0.7827.115 (daf70f9ddee..., userDataDir: C:\Users\aashu\AppData\Loca...}, fedcm:accounts: true, goog:chromeOptions: {debuggerAddress: localhost:60032}, goog:processID: 14572, networkConnectionEnabled: false, pageLoadStrategy: normal, platformName: windows, proxy: Proxy(), se:cdp: ws://localhost:60032/devtoo..., se:cdpVersion: 149.0.7827.54, setWindowRect: true, strictFileInteractability: false, timeouts: {implicit: 0, pageLoad: 300000, script: 30000}, unhandledPromptBehavior: dismiss and notify, webauthn:extension:credBlob: true, webauthn:extension:largeBlob: true, webauthn:extension:minPinLength: true, webauthn:extension:prf: true, webauthn:virtualAuthenticators: true}
Session ID: 1d34036440d19275652292ce10c44988
at java.base/jdk.internal.reflect.DirectConstructorHandleAccessor.newInstance(DirectConstructorHandleAccessor.java:62)
at java.base/java.lang.reflect.Constructor.newInstanceWithCaller(Constructor.java:502)
at java.base/java.lang.reflect.Constructor.newInstance(Constructor.java:486)
at org.openqa.selenium.remote.ErrorCodec.decode(ErrorCodec.java:167)
at org.openqa.selenium.remote.codec.w3c.W3CHttpResponseCodec.decode(W3CHttpResponseCodec.java:138)
at org.openqa.selenium.remote.codec.w3c.W3CHttpResponseCodec.decode(W3CHttpResponseCodec.java:50)
at org.openqa.selenium.remote.HttpCommandExecutor.execute(HttpCommandExecutor.java:190)
at org.openqa.selenium.remote.service.DriverCommandExecutor.invokeExecute(DriverCommandExecutor.java:216)
at org.openqa.selenium.remote.service.DriverCommandExecutor.execute(DriverCommandExecutor.java:174)
at org.openqa.selenium.remote.RemoteWebDriver.execute(RemoteWebDriver.java:519)
at org.openqa.selenium.remote.RemoteWebDriver.get(RemoteWebDriver.java:301)
at com.ekart.pages.ProductListingPage.navigateTo(ProductListingPage.java:99)
at com.ekart.tests.SearchFilterTest.setup(SearchFilterTest.java:62)
at java.base/jdk.internal.reflect.DirectMethodHandleAccessor.invoke(DirectMethodHandleAccessor.java:103)
at java.base/java.lang.reflect.Method.invoke(Method.java:580)
at org.testng.internal.invokers.MethodInvocationHelper.invokeMethod(MethodInvocationHelper.java:139)
at org.testng.internal.invokers.MethodInvocationHelper.invokeMethodConsideringTimeout(MethodInvocationHelper.java:69)
at org.testng.internal.invokers.ConfigInvoker.invokeConfigurationMethod(ConfigInvoker.java:393)
at org.testng.internal.invokers.ConfigInvoker.invokeConfigurations(ConfigInvoker.java:326)
at org.testng.internal.invokers.TestInvoker.runConfigMethods(TestInvoker.java:810)
at org.testng.internal.invokers.TestInvoker.invokeMethod(TestInvoker.java:578)
at org.testng.internal.invokers.TestInvoker.invokeTestMethod(TestInvoker.java:228)
at org.testng.internal.invokers.MethodRunner.runInSequence(MethodRunner.java:63)
at org.testng.internal.invokers.TestInvoker$MethodInvocationAgent.invoke(TestInvoker.java:961)
at org.testng.internal.invokers.TestInvoker.invokeTestMethods(TestInvoker.java:201)
at org.testng.internal.invokers.TestMethodWorker.invokeTestMethods(TestMethodWorker.java:148)
at org.testng.internal.invokers.TestMethodWorker.run(TestMethodWorker.java:128)
at java.base/java.util.ArrayList.forEach(ArrayList.java:1596)
at org.testng.TestRunner.privateRun(TestRunner.java:819)
at org.testng.TestRunner.run(TestRunner.java:619)
at org.testng.SuiteRunner.runTest(SuiteRunner.java:443)
at org.testng.SuiteRunner.runSequentially(SuiteRunner.java:437)
at org.testng.SuiteRunner.privateRun(SuiteRunner.java:397)
at org.testng.SuiteRunner.run(SuiteRunner.java:336)
at org.testng.SuiteRunnerWorker.runSuite(SuiteRunnerWorker.java:52)
at org.testng.SuiteRunnerWorker.run(SuiteRunnerWorker.java:95)
at org.testng.TestNG.runSuitesSequentially(TestNG.java:1301)
at org.testng.TestNG.runSuitesLocally(TestNG.java:1228)
at org.testng.TestNG.runSuites(TestNG.java:1134)
at org.testng.TestNG.run(TestNG.java:1101)
at org.testng.remote.AbstractRemoteTestNG.run(AbstractRemoteTestNG.java:115)
at org.testng.remote.RemoteTestNG.initAndRun(RemoteTestNG.java:293)
at org.testng.remote.RemoteTestNG.main(RemoteTestNG.java:91)
]]>
    </error>
  </testcase> <!-- setup -->
  <testcase classname="com.ekart.tests.SearchFilterTest" name="testSearchReturnsResults" time="24.568">
    <failure message="Search for &#039;phone&#039; must return at least one product. Got: 0 expected [true] but found [false]" type="java.lang.AssertionError">
      <![CDATA[java.lang.AssertionError: Search for 'phone' must return at least one product. Got: 0 expected [true] but found [false]
at org.testng.Assert.fail(Assert.java:111)
at org.testng.Assert.failNotEquals(Assert.java:1578)
at org.testng.Assert.assertTrue(Assert.java:57)
at com.ekart.tests.SearchFilterTest.testSearchReturnsResults(SearchFilterTest.java:77)
at java.base/jdk.internal.reflect.DirectMethodHandleAccessor.invoke(DirectMethodHandleAccessor.java:103)
at java.base/java.lang.reflect.Method.invoke(Method.java:580)
at org.testng.internal.invokers.MethodInvocationHelper.invokeMethod(MethodInvocationHelper.java:139)
at org.testng.internal.invokers.TestInvoker.invokeMethod(TestInvoker.java:664)
at org.testng.internal.invokers.TestInvoker.invokeTestMethod(TestInvoker.java:228)
at org.testng.internal.invokers.MethodRunner.runInSequence(MethodRunner.java:63)
at org.testng.internal.invokers.TestInvoker$MethodInvocationAgent.invoke(TestInvoker.java:961)
at org.testng.internal.invokers.TestInvoker.invokeTestMethods(TestInvoker.java:201)
at org.testng.internal.invokers.TestMethodWorker.invokeTestMethods(TestMethodWorker.java:148)
at org.testng.internal.invokers.TestMethodWorker.run(TestMethodWorker.java:128)
at java.base/java.util.ArrayList.forEach(ArrayList.java:1596)
at org.testng.TestRunner.privateRun(TestRunner.java:819)
at org.testng.TestRunner.run(TestRunner.java:619)
at org.testng.SuiteRunner.runTest(SuiteRunner.java:443)
at org.testng.SuiteRunner.runSequentially(SuiteRunner.java:437)
at org.testng.SuiteRunner.privateRun(SuiteRunner.java:397)
at org.testng.SuiteRunner.run(SuiteRunner.java:336)
at org.testng.SuiteRunnerWorker.runSuite(SuiteRunnerWorker.java:52)
at org.testng.SuiteRunnerWorker.run(SuiteRunnerWorker.java:95)
at org.testng.TestNG.runSuitesSequentially(TestNG.java:1301)
at org.testng.TestNG.runSuitesLocally(TestNG.java:1228)
at org.testng.TestNG.runSuites(TestNG.java:1134)
at org.testng.TestNG.run(TestNG.java:1101)
at org.testng.remote.AbstractRemoteTestNG.run(AbstractRemoteTestNG.java:115)
at org.testng.remote.RemoteTestNG.initAndRun(RemoteTestNG.java:293)
at org.testng.remote.RemoteTestNG.main(RemoteTestNG.java:91)
]]>
    </failure>
  </testcase> <!-- testSearchReturnsResults -->
  <testcase classname="com.ekart.tests.SearchFilterTest" name="testSearchChangesHeading" time="0.000">
    <skipped/>
  </testcase> <!-- testSearchChangesHeading -->
  <testcase classname="com.ekart.tests.SearchFilterTest" name="testSearchResultsRelevance" time="0.000">
    <skipped/>
  </testcase> <!-- testSearchResultsRelevance -->
  <testcase classname="com.ekart.tests.SearchFilterTest" name="testSearchNoResultsShowsEmptyState" time="0.000">
    <skipped/>
  </testcase> <!-- testSearchNoResultsShowsEmptyState -->
  <testcase classname="com.ekart.tests.SearchFilterTest" name="testClearSearchRestoresAllProducts" time="0.000">
    <skipped/>
  </testcase> <!-- testClearSearchRestoresAllProducts -->
  <testcase classname="com.ekart.tests.SearchFilterTest" name="testSearchIsCaseInsensitive" time="0.000">
    <skipped/>
  </testcase> <!-- testSearchIsCaseInsensitive -->
  <testcase classname="com.ekart.tests.SearchFilterTest" name="testPartialKeywordSearch" time="0.002">
    <skipped/>
  </testcase> <!-- testPartialKeywordSearch -->
  <testcase classname="com.ekart.tests.SearchFilterTest" name="testFilterPanelOpenClose" time="0.000">
    <skipped/>
  </testcase> <!-- testFilterPanelOpenClose -->
  <testcase classname="com.ekart.tests.SearchFilterTest" name="testPriceRangeFilter" time="0.000">
    <skipped/>
  </testcase> <!-- testPriceRangeFilter -->
  <testcase classname="com.ekart.tests.SearchFilterTest" name="testMinPriceOnlyFilter" time="0.000">
    <skipped/>
  </testcase> <!-- testMinPriceOnlyFilter -->
  <testcase classname="com.ekart.tests.SearchFilterTest" name="testActiveFilterCountBadge" time="0.000">
    <skipped/>
  </testcase> <!-- testActiveFilterCountBadge -->
  <testcase classname="com.ekart.tests.SearchFilterTest" name="testClearFilterRestoresResults" time="0.000">
    <skipped/>
  </testcase> <!-- testClearFilterRestoresResults -->
  <testcase classname="com.ekart.tests.SearchFilterTest" name="testSortByPriceLowToHigh" time="0.000">
    <skipped/>
  </testcase> <!-- testSortByPriceLowToHigh -->
  <testcase classname="com.ekart.tests.SearchFilterTest" name="testSortByPriceHighToLow" time="0.000">
    <skipped/>
  </testcase> <!-- testSortByPriceHighToLow -->
  <testcase classname="com.ekart.tests.SearchFilterTest" name="testRatingFilter" time="0.000">
    <skipped/>
  </testcase> <!-- testRatingFilter -->
  <testcase classname="com.ekart.tests.SearchFilterTest" name="testCombinedSearchAndFilter" time="0.000">
    <skipped/>
  </testcase> <!-- testCombinedSearchAndFilter -->
  <testcase classname="com.ekart.tests.SearchFilterTest" name="testNoStaleElementOnGridLoad" time="0.000">
    <skipped/>
  </testcase> <!-- testNoStaleElementOnGridLoad -->
  <testcase classname="com.ekart.tests.SearchFilterTest" name="testNoStaleElementAfterSort" time="0.000">
    <skipped/>
  </testcase> <!-- testNoStaleElementAfterSort -->
  <testcase classname="com.ekart.tests.SearchFilterTest" name="testFilterCountStabilizesAfterApply" time="0.000">
    <skipped/>
  </testcase> <!-- testFilterCountStabilizesAfterApply -->
  <testcase classname="com.ekart.tests.SearchFilterTest" name="testLoadingSpinnerDisappearsBeforeAssert" time="0.000">
    <skipped/>
  </testcase> <!-- testLoadingSpinnerDisappearsBeforeAssert -->
  <testcase classname="com.ekart.tests.SearchFilterTest" name="testEmptyStateDynamicElement" time="0.000">
    <skipped/>
  </testcase> <!-- testEmptyStateDynamicElement -->
  <testcase classname="com.ekart.tests.SearchFilterTest" name="testComponentFluientChaining" time="0.000">
    <skipped/>
  </testcase> <!-- testComponentFluientChaining -->
  <testcase classname="com.ekart.tests.SearchFilterTest" name="testComponentStateReaders" time="0.000">
    <skipped/>
  </testcase> <!-- testComponentStateReaders -->
  <testcase classname="com.ekart.tests.SearchFilterTest" name="testComponentResetsCleanly" time="0.000">
    <skipped/>
  </testcase> <!-- testComponentResetsCleanly -->
</testsuite> <!-- com.ekart.tests.SearchFilterTest -->
