<?xml version="1.0" encoding="UTF-8"?>
<!-- Generated by org.testng.reporters.JUnitReportReporter -->
<testsuite hostname="ASUS" failures="0" tests="10" name="com.ekart.tests.LoginTest" time="66.352" errors="0" timestamp="2026-06-10T09:15:42 IST" skipped="0">
  <testcase classname="com.ekart.tests.LoginTest" name="testValidLogin" time="7.518"/>
  <testcase classname="com.ekart.tests.LoginTest" name="testWrongPassword" time="4.895"/>
  <testcase classname="com.ekart.tests.LoginTest" name="testNonExistentEmail" time="4.249"/>
  <testcase classname="com.ekart.tests.LoginTest" name="testEmptyEmail" time="10.746"/>
  <testcase classname="com.ekart.tests.LoginTest" name="testEmptyPassword" time="10.749"/>
  <testcase classname="com.ekart.tests.LoginTest" name="testBothFieldsEmpty" time="11.260"/>
  <testcase classname="com.ekart.tests.LoginTest" name="testInvalidEmailFormat" time="11.349"/>
  <testcase classname="com.ekart.tests.LoginTest" name="testErrorMessageContent" time="2.716"/>
  <testcase classname="com.ekart.tests.LoginTest" name="testLoginPageHeading" time="2.610"/>
  <testcase classname="com.ekart.tests.LoginTest" name="testForgotPasswordLinkExists" time="0.260"/>
</testsuite> <!-- com.ekart.tests.LoginTest -->
