<?xml version="1.0" encoding="UTF-8"?>
<!-- Generated by org.testng.reporters.JUnitReportReporter -->
<testsuite hostname="ASUS" failures="0" tests="7" name="com.ekart.tests.CartOperationsTest" time="52.571" errors="0" timestamp="2026-06-22T07:43:27 IST" skipped="0">
  <testcase classname="com.ekart.tests.CartOperationsTest" name="testUpdateCartIncreaseQty" time="5.984"/>
  <testcase classname="com.ekart.tests.CartOperationsTest" name="testUpdateCartDecreaseQty" time="5.903"/>
  <testcase classname="com.ekart.tests.CartOperationsTest" name="testRemoveItem" time="18.639"/>
  <testcase classname="com.ekart.tests.CartOperationsTest" name="testCartSummaryTotal" time="4.517"/>
  <testcase classname="com.ekart.tests.CartOperationsTest" name="testEmptyCartState" time="1.379"/>
  <testcase classname="com.ekart.tests.CartOperationsTest" name="testEdgeCaseMinQty" time="9.630"/>
  <testcase classname="com.ekart.tests.CartOperationsTest" name="testCartPersistsAfterRefresh" time="6.519"/>
</testsuite> <!-- com.ekart.tests.CartOperationsTest -->
