<?xml version="1.0" encoding="UTF-8"?>
<!-- Generated by org.testng.reporters.JUnitReportReporter -->
<testsuite hostname="ASUS" failures="1" tests="5" name="com.ekart.tests.RegistrationExtendedTest" time="8.392" errors="0" timestamp="2026-06-29T07:20:58 IST" skipped="0">
  <testcase classname="com.ekart.tests.RegistrationExtendedTest" name="testPasswordMismatch" time="1.395"/>
  <testcase classname="com.ekart.tests.RegistrationExtendedTest" name="testPhoneRejectsAlphabets" time="1.271"/>
  <testcase classname="com.ekart.tests.RegistrationExtendedTest" name="testRegisterLinkOnLoginPage" time="2.494"/>
  <testcase classname="com.ekart.tests.RegistrationExtendedTest" name="testLoginLinkOnRegisterPage" time="0.792"/>
  <testcase classname="com.ekart.tests.RegistrationExtendedTest" name="testSuccessfulRegistrationRedirects" time="2.440">
    <failure message="After registration attempt, must redirect or show error. URL: https://ekartms.netlify.app/register expected [true] but found [false]" type="java.lang.AssertionError">
      <![CDATA[java.lang.AssertionError: After registration attempt, must redirect or show error. URL: https://ekartms.netlify.app/register expected [true] but found [false]
at org.testng.Assert.fail(Assert.java:111)
at org.testng.Assert.failNotEquals(Assert.java:1578)
at org.testng.Assert.assertTrue(Assert.java:57)
at com.ekart.tests.RegistrationExtendedTest.testSuccessfulRegistrationRedirects(RegistrationExtendedTest.java:121)
at java.base/jdk.internal.reflect.DirectMethodHandleAccessor.invoke(DirectMethodHandleAccessor.java:103)
at java.base/java.lang.reflect.Method.invoke(Method.java:580)
at org.testng.internal.invokers.MethodInvocationHelper.invokeMethod(MethodInvocationHelper.java:139)
at org.testng.internal.invokers.TestInvoker.invokeMethod(TestInvoker.java:664)
at org.testng.internal.invokers.TestInvoker.invokeTestMethod(TestInvoker.java:228)
at org.testng.internal.invokers.MethodRunner.runInSequence(MethodRunner.java:63)
at org.testng.internal.invokers.TestInvoker$MethodInvocationAgent.invoke(TestInvoker.java:961)
at org.testng.internal.invokers.TestInvoker.invokeTestMethods(TestInvoker.java:201)
at org.testng.internal.invokers.TestMethodWorker.invokeTestMethods(TestMethodWorker.java:148)
at org.testng.internal.invokers.TestMethodWorker.run(TestMethodWorker.java:128)
at java.base/java.util.ArrayList.forEach(ArrayList.java:1596)
at org.testng.TestRunner.privateRun(TestRunner.java:819)
at org.testng.TestRunner.run(TestRunner.java:619)
at org.testng.SuiteRunner.runTest(SuiteRunner.java:443)
at org.testng.SuiteRunner.runSequentially(SuiteRunner.java:437)
at org.testng.SuiteRunner.privateRun(SuiteRunner.java:397)
at org.testng.SuiteRunner.run(SuiteRunner.java:336)
at org.testng.SuiteRunnerWorker.runSuite(SuiteRunnerWorker.java:52)
at org.testng.SuiteRunnerWorker.run(SuiteRunnerWorker.java:95)
at org.testng.TestNG.runSuitesSequentially(TestNG.java:1301)
at org.testng.TestNG.runSuitesLocally(TestNG.java:1228)
at org.testng.TestNG.runSuites(TestNG.java:1134)
at org.testng.TestNG.run(TestNG.java:1101)
at org.testng.remote.AbstractRemoteTestNG.run(AbstractRemoteTestNG.java:115)
at org.testng.remote.RemoteTestNG.initAndRun(RemoteTestNG.java:293)
at org.testng.remote.RemoteTestNG.main(RemoteTestNG.java:91)
]]>
    </failure>
  </testcase> <!-- testSuccessfulRegistrationRedirects -->
</testsuite> <!-- com.ekart.tests.RegistrationExtendedTest -->
