<?xml version="1.0" encoding="UTF-8"?>
<!-- Generated by org.testng.reporters.JUnitReportReporter -->
<testsuite hostname="ASUS" failures="0" tests="7" name="com.ekart.tests.NavigationExtendedTest" time="39.042" errors="0" timestamp="2026-06-29T07:19:39 IST" skipped="0">
  <testcase classname="com.ekart.tests.NavigationExtendedTest" name="testNavbarLogoNavigatesToHome" time="1.142"/>
  <testcase classname="com.ekart.tests.NavigationExtendedTest" name="testNavbarCartIconNavigatesToCart" time="5.752"/>
  <testcase classname="com.ekart.tests.NavigationExtendedTest" name="testNavbarLoginLink" time="0.961"/>
  <testcase classname="com.ekart.tests.NavigationExtendedTest" name="testCartDirectUrl" time="3.512"/>
  <testcase classname="com.ekart.tests.NavigationExtendedTest" name="testProductCardDeepLink" time="22.989"/>
  <testcase classname="com.ekart.tests.NavigationExtendedTest" name="testBrowserForwardNavigation" time="2.840"/>
  <testcase classname="com.ekart.tests.NavigationExtendedTest" name="testUnknownRouteHandledGracefully" time="1.846"/>
</testsuite> <!-- com.ekart.tests.NavigationExtendedTest -->
