<?xml version="1.0" encoding="UTF-8"?>
<!-- Generated by org.testng.reporters.JUnitReportReporter -->
<testsuite hostname="ASUS" failures="2" tests="17" name="com.ekart.tests.ProductValidationTest" time="231.831" errors="0" timestamp="2026-06-12T07:56:09 IST" skipped="0">
  <testcase classname="com.ekart.tests.ProductValidationTest" name="testProductNameNotEmpty" time="4.012"/>
  <testcase classname="com.ekart.tests.ProductValidationTest" name="testSellingPriceFormat" time="1.912"/>
  <testcase classname="com.ekart.tests.ProductValidationTest" name="testBasePriceGreaterThanOrEqualToSellingPrice" time="2.093">
    <failure message="Base price (65.0) must be &gt;= selling price (5525.0) expected [true] but found [false]" type="java.lang.AssertionError">
      <![CDATA[java.lang.AssertionError: Base price (65.0) must be >= selling price (5525.0) expected [true] but found [false]
at org.testng.Assert.fail(Assert.java:111)
at org.testng.Assert.failNotEquals(Assert.java:1578)
at org.testng.Assert.assertTrue(Assert.java:57)
at com.ekart.tests.ProductValidationTest.testBasePriceGreaterThanOrEqualToSellingPrice(ProductValidationTest.java:120)
at java.base/jdk.internal.reflect.DirectMethodHandleAccessor.invoke(DirectMethodHandleAccessor.java:104)
at java.base/java.lang.reflect.Method.invoke(Method.java:565)
at org.testng.internal.invokers.MethodInvocationHelper.invokeMethod(MethodInvocationHelper.java:139)
at org.testng.internal.invokers.TestInvoker.invokeMethod(TestInvoker.java:664)
at org.testng.internal.invokers.TestInvoker.invokeTestMethod(TestInvoker.java:228)
at org.testng.internal.invokers.MethodRunner.runInSequence(MethodRunner.java:63)
at org.testng.internal.invokers.TestInvoker$MethodInvocationAgent.invoke(TestInvoker.java:961)
at org.testng.internal.invokers.TestInvoker.invokeTestMethods(TestInvoker.java:201)
at org.testng.internal.invokers.TestMethodWorker.invokeTestMethods(TestMethodWorker.java:148)
at org.testng.internal.invokers.TestMethodWorker.run(TestMethodWorker.java:128)
at java.base/java.util.ArrayList.forEach(ArrayList.java:1604)
at org.testng.TestRunner.privateRun(TestRunner.java:819)
at org.testng.TestRunner.run(TestRunner.java:619)
at org.testng.SuiteRunner.runTest(SuiteRunner.java:443)
at org.testng.SuiteRunner.runSequentially(SuiteRunner.java:437)
at org.testng.SuiteRunner.privateRun(SuiteRunner.java:397)
at org.testng.SuiteRunner.run(SuiteRunner.java:336)
at org.testng.SuiteRunnerWorker.runSuite(SuiteRunnerWorker.java:52)
at org.testng.SuiteRunnerWorker.run(SuiteRunnerWorker.java:95)
at org.testng.TestNG.runSuitesSequentially(TestNG.java:1301)
at org.testng.TestNG.runSuitesLocally(TestNG.java:1228)
at org.testng.TestNG.runSuites(TestNG.java:1134)
at org.testng.TestNG.run(TestNG.java:1101)
at org.testng.remote.AbstractRemoteTestNG.run(AbstractRemoteTestNG.java:115)
at org.testng.remote.RemoteTestNG.initAndRun(RemoteTestNG.java:293)
at org.testng.remote.RemoteTestNG.main(RemoteTestNG.java:91)
]]>
    </failure>
  </testcase> <!-- testBasePriceGreaterThanOrEqualToSellingPrice -->
  <testcase classname="com.ekart.tests.ProductValidationTest" name="testDiscountBadgeMatchesCalculation" time="2.144">
    <failure message="Discount badge (15.0%) does not match calculated (-8400.0%). base=65.0 selling=5525.0 expected [true] but found [false]" type="java.lang.AssertionError">
      <![CDATA[java.lang.AssertionError: Discount badge (15.0%) does not match calculated (-8400.0%). base=65.0 selling=5525.0 expected [true] but found [false]
at org.testng.Assert.fail(Assert.java:111)
at org.testng.Assert.failNotEquals(Assert.java:1578)
at org.testng.Assert.assertTrue(Assert.java:57)
at com.ekart.tests.ProductValidationTest.testDiscountBadgeMatchesCalculation(ProductValidationTest.java:154)
at java.base/jdk.internal.reflect.DirectMethodHandleAccessor.invoke(DirectMethodHandleAccessor.java:104)
at java.base/java.lang.reflect.Method.invoke(Method.java:565)
at org.testng.internal.invokers.MethodInvocationHelper.invokeMethod(MethodInvocationHelper.java:139)
at org.testng.internal.invokers.TestInvoker.invokeMethod(TestInvoker.java:664)
at org.testng.internal.invokers.TestInvoker.invokeTestMethod(TestInvoker.java:228)
at org.testng.internal.invokers.MethodRunner.runInSequence(MethodRunner.java:63)
at org.testng.internal.invokers.TestInvoker$MethodInvocationAgent.invoke(TestInvoker.java:961)
at org.testng.internal.invokers.TestInvoker.invokeTestMethods(TestInvoker.java:201)
at org.testng.internal.invokers.TestMethodWorker.invokeTestMethods(TestMethodWorker.java:148)
at org.testng.internal.invokers.TestMethodWorker.run(TestMethodWorker.java:128)
at java.base/java.util.ArrayList.forEach(ArrayList.java:1604)
at org.testng.TestRunner.privateRun(TestRunner.java:819)
at org.testng.TestRunner.run(TestRunner.java:619)
at org.testng.SuiteRunner.runTest(SuiteRunner.java:443)
at org.testng.SuiteRunner.runSequentially(SuiteRunner.java:437)
at org.testng.SuiteRunner.privateRun(SuiteRunner.java:397)
at org.testng.SuiteRunner.run(SuiteRunner.java:336)
at org.testng.SuiteRunnerWorker.runSuite(SuiteRunnerWorker.java:52)
at org.testng.SuiteRunnerWorker.run(SuiteRunnerWorker.java:95)
at org.testng.TestNG.runSuitesSequentially(TestNG.java:1301)
at org.testng.TestNG.runSuitesLocally(TestNG.java:1228)
at org.testng.TestNG.runSuites(TestNG.java:1134)
at org.testng.TestNG.run(TestNG.java:1101)
at org.testng.remote.AbstractRemoteTestNG.run(AbstractRemoteTestNG.java:115)
at org.testng.remote.RemoteTestNG.initAndRun(RemoteTestNG.java:293)
at org.testng.remote.RemoteTestNG.main(RemoteTestNG.java:91)
]]>
    </failure>
  </testcase> <!-- testDiscountBadgeMatchesCalculation -->
  <testcase classname="com.ekart.tests.ProductValidationTest" name="testBrandNameVisible" time="1.854"/>
  <testcase classname="com.ekart.tests.ProductValidationTest" name="testProductDescriptionNotEmpty" time="1.916"/>
  <testcase classname="com.ekart.tests.ProductValidationTest" name="testProductImageLoads" time="1.977"/>
  <testcase classname="com.ekart.tests.ProductValidationTest" name="testDetailNameMatchesListingCardName" time="19.035"/>
  <testcase classname="com.ekart.tests.ProductValidationTest" name="testDetailPriceMatchesListingCardPrice" time="19.366"/>
  <testcase classname="com.ekart.tests.ProductValidationTest" name="testClickCardLandsOnProductUrl" time="16.833"/>
  <testcase classname="com.ekart.tests.ProductValidationTest" name="testUrlProductIdMatchesClickedCard" time="17.110"/>
  <testcase classname="com.ekart.tests.ProductValidationTest" name="testBrowserBackReturnsToListing" time="32.132"/>
  <testcase classname="com.ekart.tests.ProductValidationTest" name="testDirectUrlLoadsCorrectProduct" time="12.534"/>
  <testcase classname="com.ekart.tests.ProductValidationTest" name="testEachCardLoadsUniqueProduct" time="23.077"/>
  <testcase classname="com.ekart.tests.ProductValidationTest" name="testBackToHomeFromDetailPage" time="27.810"/>
  <testcase classname="com.ekart.tests.ProductValidationTest" name="testInvalidProductUrlShowsNotFound" time="31.273"/>
  <testcase classname="com.ekart.tests.ProductValidationTest" name="testMultipleCardsHaveUniqueProductUrls" time="16.753"/>
</testsuite> <!-- com.ekart.tests.ProductValidationTest -->
