<?xml version="1.0" encoding="UTF-8"?>
<!-- Generated by org.testng.reporters.JUnitReportReporter -->
<testsuite hostname="ASUS" failures="0" tests="5" name="com.ekart.tests.NavigationTest" time="6.342" errors="0" timestamp="2026-06-10T09:18:08 IST" skipped="0">
  <testcase classname="com.ekart.tests.NavigationTest" name="testHomePageLoads" time="2.591"/>
  <testcase classname="com.ekart.tests.NavigationTest" name="testNavigateToLogin" time="0.809"/>
  <testcase classname="com.ekart.tests.NavigationTest" name="testNavigateToRegister" time="0.904"/>
  <testcase classname="com.ekart.tests.NavigationTest" name="testBrowserBackNavigation" time="1.221"/>
  <testcase classname="com.ekart.tests.NavigationTest" name="testPageRefresh" time="0.817"/>
</testsuite> <!-- com.ekart.tests.NavigationTest -->
