<?xml version="1.0" encoding="UTF-8"?>
<!-- Generated by org.testng.reporters.JUnitReportReporter -->
<testsuite hostname="ASUS" failures="0" tests="7" name="com.ekart.tests.RegistrationTest" time="54.361" errors="0" timestamp="2026-06-08T07:50:21 IST" skipped="0">
  <testcase classname="com.ekart.tests.RegistrationTest" name="testValidRegistration" time="6.290"/>
  <testcase classname="com.ekart.tests.RegistrationTest" name="testEmptyFieldsValidation" time="10.644"/>
  <testcase classname="com.ekart.tests.RegistrationTest" name="testInvalidEmailFormat" time="11.212"/>
  <testcase classname="com.ekart.tests.RegistrationTest" name="testWeakPassword" time="1.361"/>
  <testcase classname="com.ekart.tests.RegistrationTest" name="testMissingRequiredFields" time="21.026"/>
  <testcase classname="com.ekart.tests.RegistrationTest" name="testDuplicateEmail" time="3.152"/>
  <testcase classname="com.ekart.tests.RegistrationTest" name="testFormFieldsExist" time="0.676"/>
</testsuite> <!-- com.ekart.tests.RegistrationTest -->
