<?xml version="1.0" encoding="UTF-8"?>
<!-- Generated by org.testng.reporters.JUnitReportReporter -->
<testsuite hostname="ASUS" failures="0" tests="5" name="com.ekart.tests.NavigationTest" time="4.214" errors="0" timestamp="2026-06-08T07:50:21 IST" skipped="0">
  <testcase classname="com.ekart.tests.NavigationTest" name="testHomePageLoads" time="1.757"/>
  <testcase classname="com.ekart.tests.NavigationTest" name="testNavigateToLogin" time="0.517"/>
  <testcase classname="com.ekart.tests.NavigationTest" name="testNavigateToRegister" time="0.339"/>
  <testcase classname="com.ekart.tests.NavigationTest" name="testBrowserBackNavigation" time="0.786"/>
  <testcase classname="com.ekart.tests.NavigationTest" name="testPageRefresh" time="0.815"/>
</testsuite> <!-- com.ekart.tests.NavigationTest -->
